<?xml version="1.0" encoding="UTF-8"?>
<coverage generated="1595603925540" clover="3.2.0">
  <project timestamp="1595603925540" name="All files">
    <metrics statements="337" coveredstatements="172" conditionals="98" coveredconditionals="21" methods="104" coveredmethods="23" elements="539" coveredelements="216" complexity="0" loc="337" ncloc="337" packages="24" files="44" classes="44"/>
    <package name="src">
      <metrics statements="4" coveredstatements="4" conditionals="0" coveredconditionals="0" methods="1" coveredmethods="1"/>
      <file name="App.tsx" path="/Users/mayckcoelho/Projects/scorerank/src/App.tsx">
        <metrics statements="3" coveredstatements="3" conditionals="0" coveredconditionals="0" methods="1" coveredmethods="1"/>
        <line num="14" count="1" type="stmt"/>
        <line num="16" count="1" type="stmt"/>
        <line num="17" count="1" type="stmt"/>
      </file>
      <file name="reducers.ts" path="/Users/mayckcoelho/Projects/scorerank/src/reducers.ts">
        <metrics statements="1" coveredstatements="1" conditionals="0" coveredconditionals="0" methods="0" coveredmethods="0"/>
        <line num="7" count="1" type="stmt"/>
      </file>
    </package>
    <package name="src.assets">
      <metrics statements="1" coveredstatements="1" conditionals="0" coveredconditionals="0" methods="0" coveredmethods="0"/>
      <file name="logo.png" path="/Users/mayckcoelho/Projects/scorerank/src/assets/logo.png">
        <metrics statements="1" coveredstatements="1" conditionals="0" coveredconditionals="0" methods="0" coveredmethods="0"/>
        <line num="1" count="2" type="stmt"/>
      </file>
    </package>
    <package name="src.components.AvatarSkeleton">
      <metrics statements="2" coveredstatements="1" conditionals="0" coveredconditionals="0" methods="1" coveredmethods="0"/>
      <file name="index.tsx" path="/Users/mayckcoelho/Projects/scorerank/src/components/AvatarSkeleton/index.tsx">
        <metrics statements="2" coveredstatements="1" conditionals="0" coveredconditionals="0" methods="1" coveredmethods="0"/>
        <line num="4" count="2" type="stmt"/>
        <line num="5" count="0" type="stmt"/>
      </file>
    </package>
    <package name="src.components.Buttom">
      <metrics statements="5" coveredstatements="5" conditionals="0" coveredconditionals="0" methods="1" coveredmethods="1"/>
      <file name="index.tsx" path="/Users/mayckcoelho/Projects/scorerank/src/components/Buttom/index.tsx">
        <metrics statements="3" coveredstatements="3" conditionals="0" coveredconditionals="0" methods="1" coveredmethods="1"/>
        <line num="6" count="6" type="stmt"/>
        <line num="15" count="6" type="stmt"/>
        <line num="16" count="5" type="stmt"/>
      </file>
      <file name="styles.ts" path="/Users/mayckcoelho/Projects/scorerank/src/components/Buttom/styles.ts">
        <metrics statements="2" coveredstatements="2" conditionals="0" coveredconditionals="0" methods="0" coveredmethods="0"/>
        <line num="3" count="6" type="stmt"/>
        <line num="14" count="6" type="stmt"/>
      </file>
    </package>
    <package name="src.components.Card">
      <metrics statements="3" coveredstatements="3" conditionals="2" coveredconditionals="2" methods="1" coveredmethods="1"/>
      <file name="index.tsx" path="/Users/mayckcoelho/Projects/scorerank/src/components/Card/index.tsx">
        <metrics statements="2" coveredstatements="2" conditionals="2" coveredconditionals="2" methods="1" coveredmethods="1"/>
        <line num="9" count="7" type="stmt"/>
        <line num="10" count="5" type="cond" truecount="2" falsecount="0"/>
      </file>
      <file name="styles.ts" path="/Users/mayckcoelho/Projects/scorerank/src/components/Card/styles.ts">
        <metrics statements="1" coveredstatements="1" conditionals="0" coveredconditionals="0" methods="0" coveredmethods="0"/>
        <line num="3" count="7" type="stmt"/>
      </file>
    </package>
    <package name="src.components.CardDetail">
      <metrics statements="12" coveredstatements="12" conditionals="2" coveredconditionals="1" methods="1" coveredmethods="1"/>
      <file name="index.tsx" path="/Users/mayckcoelho/Projects/scorerank/src/components/CardDetail/index.tsx">
        <metrics statements="3" coveredstatements="3" conditionals="2" coveredconditionals="1" methods="1" coveredmethods="1"/>
        <line num="6" count="5" type="stmt"/>
        <line num="34" count="5" type="stmt"/>
        <line num="36" count="3" type="stmt"/>
      </file>
      <file name="styles.ts" path="/Users/mayckcoelho/Projects/scorerank/src/components/CardDetail/styles.ts">
        <metrics statements="9" coveredstatements="9" conditionals="0" coveredconditionals="0" methods="0" coveredmethods="0"/>
        <line num="3" count="5" type="stmt"/>
        <line num="8" count="5" type="stmt"/>
        <line num="13" count="5" type="stmt"/>
        <line num="20" count="5" type="stmt"/>
        <line num="25" count="5" type="stmt"/>
        <line num="33" count="5" type="stmt"/>
        <line num="40" count="5" type="stmt"/>
        <line num="47" count="5" type="stmt"/>
        <line num="54" count="5" type="stmt"/>
      </file>
    </package>
    <package name="src.components.FacebookButtom">
      <metrics statements="5" coveredstatements="5" conditionals="0" coveredconditionals="0" methods="1" coveredmethods="1"/>
      <file name="index.tsx" path="/Users/mayckcoelho/Projects/scorerank/src/components/FacebookButtom/index.tsx">
        <metrics statements="3" coveredstatements="3" conditionals="0" coveredconditionals="0" methods="1" coveredmethods="1"/>
        <line num="5" count="3" type="stmt"/>
        <line num="7" count="3" type="stmt"/>
        <line num="8" count="2" type="stmt"/>
      </file>
      <file name="styles.ts" path="/Users/mayckcoelho/Projects/scorerank/src/components/FacebookButtom/styles.ts">
        <metrics statements="2" coveredstatements="2" conditionals="0" coveredconditionals="0" methods="0" coveredmethods="0"/>
        <line num="3" count="3" type="stmt"/>
        <line num="15" count="3" type="stmt"/>
      </file>
    </package>
    <package name="src.components.GoogleButtom">
      <metrics statements="5" coveredstatements="5" conditionals="0" coveredconditionals="0" methods="1" coveredmethods="1"/>
      <file name="index.tsx" path="/Users/mayckcoelho/Projects/scorerank/src/components/GoogleButtom/index.tsx">
        <metrics statements="3" coveredstatements="3" conditionals="0" coveredconditionals="0" methods="1" coveredmethods="1"/>
        <line num="5" count="3" type="stmt"/>
        <line num="7" count="3" type="stmt"/>
        <line num="8" count="2" type="stmt"/>
      </file>
      <file name="styles.ts" path="/Users/mayckcoelho/Projects/scorerank/src/components/GoogleButtom/styles.ts">
        <metrics statements="2" coveredstatements="2" conditionals="0" coveredconditionals="0" methods="0" coveredmethods="0"/>
        <line num="3" count="3" type="stmt"/>
        <line num="15" count="3" type="stmt"/>
      </file>
    </package>
    <package name="src.components.Input">
      <metrics statements="17" coveredstatements="10" conditionals="4" coveredconditionals="3" methods="6" coveredmethods="1"/>
      <file name="index.tsx" path="/Users/mayckcoelho/Projects/scorerank/src/components/Input/index.tsx">
        <metrics statements="14" coveredstatements="7" conditionals="4" coveredconditionals="3" methods="6" coveredmethods="1"/>
        <line num="8" count="5" type="stmt"/>
        <line num="19" count="5" type="stmt"/>
        <line num="20" count="12" type="stmt"/>
        <line num="21" count="12" type="stmt"/>
        <line num="23" count="12" type="stmt"/>
        <line num="24" count="0" type="stmt"/>
        <line num="27" count="12" type="stmt"/>
        <line num="28" count="0" type="stmt"/>
        <line num="33" count="0" type="stmt"/>
        <line num="34" count="0" type="stmt"/>
        <line num="37" count="0" type="stmt"/>
        <line num="38" count="0" type="stmt"/>
        <line num="42" count="12" type="stmt"/>
        <line num="52" count="0" type="stmt"/>
      </file>
      <file name="styles.ts" path="/Users/mayckcoelho/Projects/scorerank/src/components/Input/styles.ts">
        <metrics statements="3" coveredstatements="3" conditionals="0" coveredconditionals="0" methods="0" coveredmethods="0"/>
        <line num="3" count="5" type="stmt"/>
        <line num="10" count="5" type="stmt"/>
        <line num="19" count="5" type="stmt"/>
      </file>
    </package>
    <package name="src.components.Modal">
      <metrics statements="11" coveredstatements="11" conditionals="0" coveredconditionals="0" methods="1" coveredmethods="1"/>
      <file name="index.tsx" path="/Users/mayckcoelho/Projects/scorerank/src/components/Modal/index.tsx">
        <metrics statements="2" coveredstatements="2" conditionals="0" coveredconditionals="0" methods="1" coveredmethods="1"/>
        <line num="28" count="6" type="stmt"/>
        <line num="29" count="3" type="stmt"/>
      </file>
      <file name="styles.ts" path="/Users/mayckcoelho/Projects/scorerank/src/components/Modal/styles.ts">
        <metrics statements="9" coveredstatements="9" conditionals="0" coveredconditionals="0" methods="0" coveredmethods="0"/>
        <line num="3" count="6" type="stmt"/>
        <line num="16" count="6" type="stmt"/>
        <line num="25" count="6" type="stmt"/>
        <line num="34" count="6" type="stmt"/>
        <line num="38" count="6" type="stmt"/>
        <line num="44" count="6" type="stmt"/>
        <line num="51" count="6" type="stmt"/>
        <line num="57" count="6" type="stmt"/>
        <line num="67" count="6" type="stmt"/>
      </file>
    </package>
    <package name="src.components.ModalDetail">
      <metrics statements="6" coveredstatements="6" conditionals="0" coveredconditionals="0" methods="1" coveredmethods="1"/>
      <file name="index.tsx" path="/Users/mayckcoelho/Projects/scorerank/src/components/ModalDetail/index.tsx">
        <metrics statements="2" coveredstatements="2" conditionals="0" coveredconditionals="0" methods="1" coveredmethods="1"/>
        <line num="16" count="7" type="stmt"/>
        <line num="17" count="4" type="stmt"/>
      </file>
      <file name="styles.ts" path="/Users/mayckcoelho/Projects/scorerank/src/components/ModalDetail/styles.ts">
        <metrics statements="4" coveredstatements="4" conditionals="0" coveredconditionals="0" methods="0" coveredmethods="0"/>
        <line num="3" count="7" type="stmt"/>
        <line num="16" count="7" type="stmt"/>
        <line num="25" count="7" type="stmt"/>
        <line num="34" count="7" type="stmt"/>
      </file>
    </package>
    <package name="src.contexts">
      <metrics statements="42" coveredstatements="13" conditionals="10" coveredconditionals="0" methods="12" coveredmethods="2"/>
      <file name="auth.tsx" path="/Users/mayckcoelho/Projects/scorerank/src/contexts/auth.tsx">
        <metrics statements="42" coveredstatements="13" conditionals="10" coveredconditionals="0" methods="12" coveredmethods="2"/>
        <line num="13" count="11" type="stmt"/>
        <line num="15" count="11" type="stmt"/>
        <line num="16" count="1" type="stmt"/>
        <line num="17" count="1" type="stmt"/>
        <line num="19" count="1" type="stmt"/>
        <line num="21" count="0" type="stmt"/>
        <line num="23" count="0" type="cond" truecount="0" falsecount="4"/>
        <line num="24" count="0" type="stmt"/>
        <line num="26" count="0" type="stmt"/>
        <line num="27" count="0" type="stmt"/>
        <line num="31" count="0" type="stmt"/>
        <line num="34" count="1" type="stmt"/>
        <line num="35" count="0" type="stmt"/>
        <line num="36" count="0" type="stmt"/>
        <line num="39" count="0" type="cond" truecount="0" falsecount="2"/>
        <line num="40" count="0" type="stmt"/>
        <line num="43" count="1" type="stmt"/>
        <line num="44" count="0" type="stmt"/>
        <line num="45" count="0" type="stmt"/>
        <line num="48" count="0" type="cond" truecount="0" falsecount="2"/>
        <line num="49" count="0" type="stmt"/>
        <line num="52" count="1" type="stmt"/>
        <line num="53" count="0" type="stmt"/>
        <line num="54" count="0" type="stmt"/>
        <line num="59" count="0" type="stmt"/>
        <line num="61" count="0" type="stmt"/>
        <line num="63" count="0" type="stmt"/>
        <line num="64" count="0" type="stmt"/>
        <line num="66" count="0" type="stmt"/>
        <line num="67" count="0" type="stmt"/>
        <line num="70" count="1" type="stmt"/>
        <line num="71" count="0" type="stmt"/>
        <line num="72" count="0" type="stmt"/>
        <line num="76" count="1" type="stmt"/>
        <line num="77" count="0" type="cond" truecount="0" falsecount="2"/>
        <line num="78" count="0" type="stmt"/>
        <line num="80" count="0" type="stmt"/>
        <line num="84" count="0" type="stmt"/>
        <line num="86" count="0" type="stmt"/>
        <line num="90" count="1" type="stmt"/>
        <line num="98" count="7" type="stmt"/>
        <line num="100" count="7" type="stmt"/>
      </file>
    </package>
    <package name="src.ducks">
      <metrics statements="51" coveredstatements="19" conditionals="40" coveredconditionals="11" methods="18" coveredmethods="5"/>
      <file name="debts.ts" path="/Users/mayckcoelho/Projects/scorerank/src/ducks/debts.ts">
        <metrics statements="17" coveredstatements="5" conditionals="15" coveredconditionals="3" methods="6" coveredmethods="1"/>
        <line num="5" count="4" type="stmt"/>
        <line num="16" count="4" type="stmt"/>
        <line num="21" count="4" type="cond" truecount="2" falsecount="1"/>
        <line num="23" count="1" type="stmt"/>
        <line num="25" count="0" type="stmt"/>
        <line num="26" count="0" type="stmt"/>
        <line num="28" count="3" type="stmt"/>
        <line num="34" count="0" type="stmt"/>
        <line num="36" count="0" type="cond" truecount="0" falsecount="7"/>
        <line num="37" count="0" type="stmt"/>
        <line num="39" count="0" type="cond" truecount="0" falsecount="2"/>
        <line num="40" count="0" type="stmt"/>
        <line num="46" count="0" type="stmt"/>
        <line num="55" count="0" type="stmt"/>
        <line num="57" count="0" type="stmt"/>
        <line num="59" count="0" type="cond" truecount="0" falsecount="2"/>
        <line num="60" count="0" type="stmt"/>
      </file>
      <file name="proposals.ts" path="/Users/mayckcoelho/Projects/scorerank/src/ducks/proposals.ts">
        <metrics statements="17" coveredstatements="7" conditionals="13" coveredconditionals="4" methods="6" coveredmethods="2"/>
        <line num="5" count="4" type="stmt"/>
        <line num="16" count="4" type="stmt"/>
        <line num="21" count="5" type="cond" truecount="3" falsecount="0"/>
        <line num="23" count="1" type="stmt"/>
        <line num="25" count="2" type="stmt"/>
        <line num="26" count="1" type="stmt"/>
        <line num="28" count="3" type="stmt"/>
        <line num="34" count="0" type="stmt"/>
        <line num="35" count="0" type="cond" truecount="0" falsecount="5"/>
        <line num="36" count="0" type="stmt"/>
        <line num="38" count="0" type="cond" truecount="0" falsecount="2"/>
        <line num="39" count="0" type="stmt"/>
        <line num="45" count="0" type="stmt"/>
        <line num="54" count="0" type="stmt"/>
        <line num="56" count="0" type="stmt"/>
        <line num="58" count="0" type="cond" truecount="0" falsecount="2"/>
        <line num="59" count="0" type="stmt"/>
      </file>
      <file name="protections.ts" path="/Users/mayckcoelho/Projects/scorerank/src/ducks/protections.ts">
        <metrics statements="17" coveredstatements="7" conditionals="12" coveredconditionals="4" methods="6" coveredmethods="2"/>
        <line num="5" count="4" type="stmt"/>
        <line num="16" count="4" type="stmt"/>
        <line num="21" count="5" type="cond" truecount="3" falsecount="0"/>
        <line num="23" count="1" type="stmt"/>
        <line num="25" count="2" type="stmt"/>
        <line num="26" count="1" type="stmt"/>
        <line num="28" count="3" type="stmt"/>
        <line num="34" count="0" type="stmt"/>
        <line num="35" count="0" type="cond" truecount="0" falsecount="4"/>
        <line num="36" count="0" type="stmt"/>
        <line num="38" count="0" type="cond" truecount="0" falsecount="2"/>
        <line num="39" count="0" type="stmt"/>
        <line num="45" count="0" type="stmt"/>
        <line num="54" count="0" type="stmt"/>
        <line num="56" count="0" type="stmt"/>
        <line num="58" count="0" type="cond" truecount="0" falsecount="2"/>
        <line num="59" count="0" type="stmt"/>
      </file>
    </package>
    <package name="src.pages.Dashboard">
      <metrics statements="32" coveredstatements="8" conditionals="20" coveredconditionals="0" methods="14" coveredmethods="0"/>
      <file name="index.tsx" path="/Users/mayckcoelho/Projects/scorerank/src/pages/Dashboard/index.tsx">
        <metrics statements="26" coveredstatements="2" conditionals="20" coveredconditionals="0" methods="14" coveredmethods="0"/>
        <line num="4" count="2" type="stmt"/>
        <line num="33" count="2" type="stmt"/>
        <line num="34" count="0" type="stmt"/>
        <line num="35" count="0" type="stmt"/>
        <line num="36" count="0" type="stmt"/>
        <line num="37" count="0" type="stmt"/>
        <line num="38" count="0" type="stmt"/>
        <line num="39" count="0" type="stmt"/>
        <line num="42" count="0" type="cond" truecount="0" falsecount="2"/>
        <line num="43" count="0" type="cond" truecount="0" falsecount="2"/>
        <line num="44" count="0" type="stmt"/>
        <line num="45" count="0" type="cond" truecount="0" falsecount="2"/>
        <line num="46" count="0" type="stmt"/>
        <line num="48" count="0" type="stmt"/>
        <line num="51" count="0" type="stmt"/>
        <line num="52" count="0" type="stmt"/>
        <line num="55" count="0" type="stmt"/>
        <line num="56" count="0" type="stmt"/>
        <line num="57" count="0" type="cond" truecount="0" falsecount="2"/>
        <line num="58" count="0" type="cond" truecount="0" falsecount="2"/>
        <line num="61" count="0" type="stmt"/>
        <line num="74" count="0" type="stmt"/>
        <line num="76" count="0" type="stmt"/>
        <line num="100" count="0" type="stmt"/>
        <line num="103" count="0" type="stmt"/>
        <line num="106" count="0" type="stmt"/>
      </file>
      <file name="styles.ts" path="/Users/mayckcoelho/Projects/scorerank/src/pages/Dashboard/styles.ts">
        <metrics statements="6" coveredstatements="6" conditionals="0" coveredconditionals="0" methods="0" coveredmethods="0"/>
        <line num="6" count="2" type="stmt"/>
        <line num="12" count="2" type="stmt"/>
        <line num="17" count="2" type="stmt"/>
        <line num="26" count="2" type="stmt"/>
        <line num="31" count="2" type="stmt"/>
        <line num="37" count="2" type="stmt"/>
      </file>
    </package>
    <package name="src.pages.Dashboard.ProposalCard">
      <metrics statements="10" coveredstatements="5" conditionals="0" coveredconditionals="0" methods="4" coveredmethods="1"/>
      <file name="index.tsx" path="/Users/mayckcoelho/Projects/scorerank/src/pages/Dashboard/ProposalCard/index.tsx">
        <metrics statements="10" coveredstatements="5" conditionals="0" coveredconditionals="0" methods="4" coveredmethods="1"/>
        <line num="13" count="3" type="stmt"/>
        <line num="14" count="1" type="stmt"/>
        <line num="15" count="1" type="stmt"/>
        <line num="16" count="1" type="stmt"/>
        <line num="18" count="1" type="stmt"/>
        <line num="21" count="0" type="stmt"/>
        <line num="33" count="0" type="stmt"/>
        <line num="38" count="0" type="stmt"/>
        <line num="39" count="0" type="stmt"/>
        <line num="40" count="0" type="stmt"/>
      </file>
    </package>
    <package name="src.pages.Dashboard.ProtectionCard">
      <metrics statements="10" coveredstatements="5" conditionals="0" coveredconditionals="0" methods="4" coveredmethods="1"/>
      <file name="index.tsx" path="/Users/mayckcoelho/Projects/scorerank/src/pages/Dashboard/ProtectionCard/index.tsx">
        <metrics statements="10" coveredstatements="5" conditionals="0" coveredconditionals="0" methods="4" coveredmethods="1"/>
        <line num="13" count="3" type="stmt"/>
        <line num="14" count="1" type="stmt"/>
        <line num="15" count="1" type="stmt"/>
        <line num="16" count="1" type="stmt"/>
        <line num="18" count="1" type="stmt"/>
        <line num="21" count="0" type="stmt"/>
        <line num="33" count="0" type="stmt"/>
        <line num="38" count="0" type="stmt"/>
        <line num="39" count="0" type="stmt"/>
        <line num="40" count="0" type="stmt"/>
      </file>
    </package>
    <package name="src.pages.Dashboard.ScoreCard">
      <metrics statements="20" coveredstatements="14" conditionals="8" coveredconditionals="2" methods="5" coveredmethods="1"/>
      <file name="index.tsx" path="/Users/mayckcoelho/Projects/scorerank/src/pages/Dashboard/ScoreCard/index.tsx">
        <metrics statements="12" coveredstatements="6" conditionals="8" coveredconditionals="2" methods="5" coveredmethods="1"/>
        <line num="4" count="3" type="stmt"/>
        <line num="20" count="3" type="stmt"/>
        <line num="21" count="1" type="stmt"/>
        <line num="22" count="1" type="stmt"/>
        <line num="25" count="1" type="cond" truecount="1" falsecount="1"/>
        <line num="26" count="0" type="cond" truecount="0" falsecount="2"/>
        <line num="27" count="0" type="stmt"/>
        <line num="28" count="0" type="cond" truecount="0" falsecount="2"/>
        <line num="29" count="0" type="stmt"/>
        <line num="31" count="0" type="stmt"/>
        <line num="34" count="1" type="stmt"/>
        <line num="39" count="0" type="stmt"/>
      </file>
      <file name="styles.ts" path="/Users/mayckcoelho/Projects/scorerank/src/pages/Dashboard/ScoreCard/styles.ts">
        <metrics statements="8" coveredstatements="8" conditionals="0" coveredconditionals="0" methods="0" coveredmethods="0"/>
        <line num="5" count="3" type="stmt"/>
        <line num="13" count="3" type="stmt"/>
        <line num="18" count="3" type="stmt"/>
        <line num="25" count="3" type="stmt"/>
        <line num="31" count="3" type="stmt"/>
        <line num="39" count="3" type="stmt"/>
        <line num="45" count="3" type="stmt"/>
        <line num="50" count="3" type="stmt"/>
      </file>
    </package>
    <package name="src.pages.DebtList">
      <metrics statements="27" coveredstatements="12" conditionals="0" coveredconditionals="0" methods="9" coveredmethods="0"/>
      <file name="index.tsx" path="/Users/mayckcoelho/Projects/scorerank/src/pages/DebtList/index.tsx">
        <metrics statements="17" coveredstatements="2" conditionals="0" coveredconditionals="0" methods="9" coveredmethods="0"/>
        <line num="10" count="2" type="stmt"/>
        <line num="27" count="2" type="stmt"/>
        <line num="28" count="0" type="stmt"/>
        <line num="29" count="0" type="stmt"/>
        <line num="30" count="0" type="stmt"/>
        <line num="32" count="0" type="stmt"/>
        <line num="33" count="0" type="stmt"/>
        <line num="35" count="0" type="stmt"/>
        <line num="36" count="0" type="stmt"/>
        <line num="48" count="0" type="stmt"/>
        <line num="54" count="0" type="stmt"/>
        <line num="55" count="0" type="stmt"/>
        <line num="56" count="0" type="stmt"/>
        <line num="62" count="0" type="stmt"/>
        <line num="67" count="0" type="stmt"/>
        <line num="68" count="0" type="stmt"/>
        <line num="69" count="0" type="stmt"/>
      </file>
      <file name="styles.ts" path="/Users/mayckcoelho/Projects/scorerank/src/pages/DebtList/styles.ts">
        <metrics statements="10" coveredstatements="10" conditionals="0" coveredconditionals="0" methods="0" coveredmethods="0"/>
        <line num="4" count="2" type="stmt"/>
        <line num="10" count="2" type="stmt"/>
        <line num="16" count="2" type="stmt"/>
        <line num="24" count="2" type="stmt"/>
        <line num="29" count="2" type="stmt"/>
        <line num="34" count="2" type="stmt"/>
        <line num="41" count="2" type="stmt"/>
        <line num="48" count="2" type="stmt"/>
        <line num="53" count="2" type="stmt"/>
        <line num="59" count="2" type="stmt"/>
      </file>
    </package>
    <package name="src.pages.Register">
      <metrics statements="8" coveredstatements="7" conditionals="2" coveredconditionals="1" methods="2" coveredmethods="1"/>
      <file name="index.tsx" path="/Users/mayckcoelho/Projects/scorerank/src/pages/Register/index.tsx">
        <metrics statements="3" coveredstatements="2" conditionals="2" coveredconditionals="1" methods="2" coveredmethods="1"/>
        <line num="22" count="2" type="stmt"/>
        <line num="24" count="1" type="stmt"/>
        <line num="32" count="0" type="stmt"/>
      </file>
      <file name="styles.ts" path="/Users/mayckcoelho/Projects/scorerank/src/pages/Register/styles.ts">
        <metrics statements="5" coveredstatements="5" conditionals="0" coveredconditionals="0" methods="0" coveredmethods="0"/>
        <line num="3" count="2" type="stmt"/>
        <line num="10" count="2" type="stmt"/>
        <line num="18" count="2" type="stmt"/>
        <line num="26" count="2" type="stmt"/>
        <line num="32" count="2" type="stmt"/>
      </file>
    </package>
    <package name="src.pages.Register.RegisterForm">
      <metrics statements="22" coveredstatements="5" conditionals="2" coveredconditionals="0" methods="8" coveredmethods="1"/>
      <file name="index.tsx" path="/Users/mayckcoelho/Projects/scorerank/src/pages/Register/RegisterForm/index.tsx">
        <metrics statements="22" coveredstatements="5" conditionals="2" coveredconditionals="0" methods="8" coveredmethods="1"/>
        <line num="14" count="3" type="stmt"/>
        <line num="15" count="2" type="stmt"/>
        <line num="16" count="2" type="stmt"/>
        <line num="18" count="2" type="stmt"/>
        <line num="19" count="0" type="stmt"/>
        <line num="20" count="0" type="stmt"/>
        <line num="25" count="0" type="stmt"/>
        <line num="29" count="0" type="stmt"/>
        <line num="33" count="0" type="stmt"/>
        <line num="36" count="0" type="stmt"/>
        <line num="37" count="0" type="cond" truecount="0" falsecount="2"/>
        <line num="38" count="0" type="stmt"/>
        <line num="39" count="0" type="stmt"/>
        <line num="41" count="0" type="stmt"/>
        <line num="46" count="2" type="stmt"/>
        <line num="51" count="0" type="stmt"/>
        <line num="52" count="0" type="stmt"/>
        <line num="60" count="0" type="stmt"/>
        <line num="61" count="0" type="stmt"/>
        <line num="69" count="0" type="stmt"/>
        <line num="70" count="0" type="stmt"/>
        <line num="76" count="0" type="stmt"/>
      </file>
    </package>
    <package name="src.pages.SignIn">
      <metrics statements="8" coveredstatements="7" conditionals="2" coveredconditionals="1" methods="2" coveredmethods="1"/>
      <file name="index.tsx" path="/Users/mayckcoelho/Projects/scorerank/src/pages/SignIn/index.tsx">
        <metrics statements="3" coveredstatements="2" conditionals="2" coveredconditionals="1" methods="2" coveredmethods="1"/>
        <line num="24" count="2" type="stmt"/>
        <line num="26" count="1" type="stmt"/>
        <line num="34" count="0" type="stmt"/>
      </file>
      <file name="styles.ts" path="/Users/mayckcoelho/Projects/scorerank/src/pages/SignIn/styles.ts">
        <metrics statements="5" coveredstatements="5" conditionals="0" coveredconditionals="0" methods="0" coveredmethods="0"/>
        <line num="3" count="2" type="stmt"/>
        <line num="10" count="2" type="stmt"/>
        <line num="18" count="2" type="stmt"/>
        <line num="26" count="2" type="stmt"/>
        <line num="32" count="2" type="stmt"/>
      </file>
    </package>
    <package name="src.pages.SignIn.SignInForm">
      <metrics statements="19" coveredstatements="7" conditionals="2" coveredconditionals="0" methods="5" coveredmethods="1"/>
      <file name="index.tsx" path="/Users/mayckcoelho/Projects/scorerank/src/pages/SignIn/SignInForm/index.tsx">
        <metrics statements="17" coveredstatements="5" conditionals="2" coveredconditionals="0" methods="5" coveredmethods="1"/>
        <line num="18" count="3" type="stmt"/>
        <line num="19" count="2" type="stmt"/>
        <line num="20" count="2" type="stmt"/>
        <line num="22" count="2" type="stmt"/>
        <line num="23" count="0" type="stmt"/>
        <line num="24" count="0" type="stmt"/>
        <line num="29" count="0" type="stmt"/>
        <line num="33" count="0" type="stmt"/>
        <line num="35" count="0" type="stmt"/>
        <line num="36" count="0" type="cond" truecount="0" falsecount="2"/>
        <line num="37" count="0" type="stmt"/>
        <line num="38" count="0" type="stmt"/>
        <line num="40" count="0" type="stmt"/>
        <line num="45" count="2" type="stmt"/>
        <line num="50" count="0" type="stmt"/>
        <line num="51" count="0" type="stmt"/>
        <line num="60" count="0" type="stmt"/>
      </file>
      <file name="styles.ts" path="/Users/mayckcoelho/Projects/scorerank/src/pages/SignIn/SignInForm/styles.ts">
        <metrics statements="2" coveredstatements="2" conditionals="0" coveredconditionals="0" methods="0" coveredmethods="0"/>
        <line num="3" count="3" type="stmt"/>
        <line num="7" count="3" type="stmt"/>
      </file>
    </package>
    <package name="src.routes">
      <metrics statements="14" coveredstatements="6" conditionals="4" coveredconditionals="0" methods="4" coveredmethods="0"/>
      <file name="app.routes.tsx" path="/Users/mayckcoelho/Projects/scorerank/src/routes/app.routes.tsx">
        <metrics statements="6" coveredstatements="3" conditionals="0" coveredconditionals="0" methods="2" coveredmethods="0"/>
        <line num="4" count="1" type="stmt"/>
        <line num="11" count="1" type="stmt"/>
        <line num="13" count="1" type="stmt"/>
        <line num="14" count="0" type="stmt"/>
        <line num="16" count="0" type="stmt"/>
        <line num="21" count="0" type="stmt"/>
      </file>
      <file name="auth.routes.tsx" path="/Users/mayckcoelho/Projects/scorerank/src/routes/auth.routes.tsx">
        <metrics statements="3" coveredstatements="2" conditionals="0" coveredconditionals="0" methods="1" coveredmethods="0"/>
        <line num="7" count="1" type="stmt"/>
        <line num="9" count="1" type="stmt"/>
        <line num="10" count="0" type="stmt"/>
      </file>
      <file name="index.tsx" path="/Users/mayckcoelho/Projects/scorerank/src/routes/index.tsx">
        <metrics statements="5" coveredstatements="1" conditionals="4" coveredconditionals="0" methods="1" coveredmethods="0"/>
        <line num="9" count="1" type="stmt"/>
        <line num="10" count="0" type="stmt"/>
        <line num="12" count="0" type="cond" truecount="0" falsecount="2"/>
        <line num="13" count="0" type="stmt"/>
        <line num="20" count="0" type="cond" truecount="0" falsecount="2"/>
      </file>
    </package>
    <package name="src.services">
      <metrics statements="3" coveredstatements="1" conditionals="0" coveredconditionals="0" methods="2" coveredmethods="0"/>
      <file name="api.ts" path="/Users/mayckcoelho/Projects/scorerank/src/services/api.ts">
        <metrics statements="1" coveredstatements="1" conditionals="0" coveredconditionals="0" methods="0" coveredmethods="0"/>
        <line num="3" count="14" type="stmt"/>
      </file>
      <file name="auth.ts" path="/Users/mayckcoelho/Projects/scorerank/src/services/auth.ts">
        <metrics statements="2" coveredstatements="0" conditionals="0" coveredconditionals="0" methods="2" coveredmethods="0"/>
        <line num="7" count="0" type="stmt"/>
        <line num="11" count="0" type="stmt"/>
      </file>
    </package>
  </project>
</coverage>
