{"/Users/mayckcoelho/Projects/scorerank/src/App.tsx": {"path":"/Users/mayckcoelho/Projects/scorerank/src/App.tsx","statementMap":{"0":{"start":{"line":14,"column":14},"end":{"line":14,"column":59}},"1":{"start":{"line":16,"column":22},"end":{"line":28,"column":1}},"2":{"start":{"line":17,"column":4},"end":{"line":27,"column":5}}},"fnMap":{"0":{"name":"(anonymous_0)","decl":{"start":{"line":16,"column":22},"end":{"line":16,"column":23}},"loc":{"start":{"line":16,"column":28},"end":{"line":28,"column":1}},"line":16}},"branchMap":{},"s":{"0":1,"1":1,"2":1},"f":{"0":1},"b":{},"_coverageSchema":"43e27e138ebf9cfc5966b082cf9a028302ed4184","hash":"0990c6977392e8bdb82a2fcc60d3a0168054c20f"}
,"/Users/mayckcoelho/Projects/scorerank/src/reducers.ts": {"path":"/Users/mayckcoelho/Projects/scorerank/src/reducers.ts","statementMap":{"0":{"start":{"line":7,"column":20},"end":{"line":11,"column":2}}},"fnMap":{},"branchMap":{},"s":{"0":1},"f":{},"b":{},"_coverageSchema":"43e27e138ebf9cfc5966b082cf9a028302ed4184","hash":"29577a81664ad4a9e2cd4bdb4b03b16f1660c65d"}
,"/Users/mayckcoelho/Projects/scorerank/src/assets/logo.png": {"path":"/Users/mayckcoelho/Projects/scorerank/src/assets/logo.png","statementMap":{"0":{"start":{"line":1,"column":0},"end":{"line":4,"column":6}}},"fnMap":{},"branchMap":{},"s":{"0":2},"f":{},"b":{},"_coverageSchema":"43e27e138ebf9cfc5966b082cf9a028302ed4184","hash":"bfd22484333a7a002b6b70f52c036a125cb1e242"}
,"/Users/mayckcoelho/Projects/scorerank/src/components/AvatarSkeleton/index.tsx": {"path":"/Users/mayckcoelho/Projects/scorerank/src/components/AvatarSkeleton/index.tsx","statementMap":{"0":{"start":{"line":4,"column":33},"end":{"line":8,"column":1}},"1":{"start":{"line":5,"column":4},"end":{"line":7,"column":26}}},"fnMap":{"0":{"name":"(anonymous_0)","decl":{"start":{"line":4,"column":33},"end":{"line":4,"column":34}},"loc":{"start":{"line":5,"column":4},"end":{"line":7,"column":26}},"line":5}},"branchMap":{},"s":{"0":2,"1":0},"f":{"0":0},"b":{},"_coverageSchema":"43e27e138ebf9cfc5966b082cf9a028302ed4184","hash":"f6dae5d623157c54e97713c2232de4b5ef7f3ddc"}
,"/Users/mayckcoelho/Projects/scorerank/src/components/Buttom/index.tsx": {"path":"/Users/mayckcoelho/Projects/scorerank/src/components/Buttom/index.tsx","statementMap":{"0":{"start":{"line":6,"column":0},"end":{"line":6,"column":16}},"1":{"start":{"line":15,"column":38},"end":{"line":21,"column":1}},"2":{"start":{"line":16,"column":4},"end":{"line":20,"column":6}}},"fnMap":{"0":{"name":"(anonymous_0)","decl":{"start":{"line":15,"column":38},"end":{"line":15,"column":39}},"loc":{"start":{"line":15,"column":68},"end":{"line":21,"column":1}},"line":15}},"branchMap":{},"s":{"0":6,"1":6,"2":5},"f":{"0":5},"b":{},"_coverageSchema":"43e27e138ebf9cfc5966b082cf9a028302ed4184","hash":"58d15b8255b209a708ae5d10ff155732883b5c1e"}
,"/Users/mayckcoelho/Projects/scorerank/src/components/Buttom/styles.ts": {"path":"/Users/mayckcoelho/Projects/scorerank/src/components/Buttom/styles.ts","statementMap":{"0":{"start":{"line":3,"column":28},"end":{"line":12,"column":1}},"1":{"start":{"line":14,"column":26},"end":{"line":18,"column":1}}},"fnMap":{},"branchMap":{},"s":{"0":6,"1":6},"f":{},"b":{},"_coverageSchema":"43e27e138ebf9cfc5966b082cf9a028302ed4184","hash":"ca30dd667ee5c5488c316ded1993a8cbdcf3cad4"}
,"/Users/mayckcoelho/Projects/scorerank/src/components/Card/index.tsx": {"path":"/Users/mayckcoelho/Projects/scorerank/src/components/Card/index.tsx","statementMap":{"0":{"start":{"line":9,"column":30},"end":{"line":13,"column":1}},"1":{"start":{"line":10,"column":4},"end":{"line":12,"column":17}}},"fnMap":{"0":{"name":"(anonymous_0)","decl":{"start":{"line":9,"column":30},"end":{"line":9,"column":31}},"loc":{"start":{"line":10,"column":4},"end":{"line":12,"column":17}},"line":10}},"branchMap":{"0":{"loc":{"start":{"line":10,"column":42},"end":{"line":10,"column":62}},"type":"binary-expr","locations":[{"start":{"line":10,"column":42},"end":{"line":10,"column":52}},{"start":{"line":10,"column":56},"end":{"line":10,"column":62}}],"line":10}},"s":{"0":7,"1":5},"f":{"0":5},"b":{"0":[5,4]},"_coverageSchema":"43e27e138ebf9cfc5966b082cf9a028302ed4184","hash":"0ba0a072ccec11f84cac5a8224add87cf9b4b546"}
,"/Users/mayckcoelho/Projects/scorerank/src/components/Card/styles.ts": {"path":"/Users/mayckcoelho/Projects/scorerank/src/components/Card/styles.ts","statementMap":{"0":{"start":{"line":3,"column":26},"end":{"line":10,"column":1}}},"fnMap":{},"branchMap":{},"s":{"0":7},"f":{},"b":{},"_coverageSchema":"43e27e138ebf9cfc5966b082cf9a028302ed4184","hash":"533c81540f753ddad5debbf1290467dc12b4a65c"}
,"/Users/mayckcoelho/Projects/scorerank/src/components/CardDetail/index.tsx": {"path":"/Users/mayckcoelho/Projects/scorerank/src/components/CardDetail/index.tsx","statementMap":{"0":{"start":{"line":6,"column":0},"end":{"line":6,"column":16}},"1":{"start":{"line":34,"column":36},"end":{"line":56,"column":1}},"2":{"start":{"line":36,"column":4},"end":{"line":55,"column":6}}},"fnMap":{"0":{"name":"(anonymous_0)","decl":{"start":{"line":34,"column":36},"end":{"line":34,"column":37}},"loc":{"start":{"line":34,"column":152},"end":{"line":56,"column":1}},"line":34}},"branchMap":{"0":{"loc":{"start":{"line":47,"column":58},"end":{"line":47,"column":98}},"type":"cond-expr","locations":[{"start":{"line":47,"column":75},"end":{"line":47,"column":89}},{"start":{"line":47,"column":92},"end":{"line":47,"column":98}}],"line":47}},"s":{"0":5,"1":5,"2":3},"f":{"0":3},"b":{"0":[0,3]},"_coverageSchema":"43e27e138ebf9cfc5966b082cf9a028302ed4184","hash":"fda9a0e4685af93248522b10d54d415929a138f1"}
,"/Users/mayckcoelho/Projects/scorerank/src/components/CardDetail/styles.ts": {"path":"/Users/mayckcoelho/Projects/scorerank/src/components/CardDetail/styles.ts","statementMap":{"0":{"start":{"line":3,"column":29},"end":{"line":6,"column":1}},"1":{"start":{"line":8,"column":25},"end":{"line":11,"column":1}},"2":{"start":{"line":13,"column":25},"end":{"line":18,"column":1}},"3":{"start":{"line":20,"column":31},"end":{"line":23,"column":1}},"4":{"start":{"line":25,"column":26},"end":{"line":31,"column":1}},"5":{"start":{"line":33,"column":24},"end":{"line":38,"column":1}},"6":{"start":{"line":40,"column":23},"end":{"line":45,"column":1}},"7":{"start":{"line":47,"column":27},"end":{"line":52,"column":1}},"8":{"start":{"line":54,"column":28},"end":{"line":57,"column":1}}},"fnMap":{},"branchMap":{},"s":{"0":5,"1":5,"2":5,"3":5,"4":5,"5":5,"6":5,"7":5,"8":5},"f":{},"b":{},"_coverageSchema":"43e27e138ebf9cfc5966b082cf9a028302ed4184","hash":"2af449d8760832c7d2ac30f21beeb7232c55ef5a"}
,"/Users/mayckcoelho/Projects/scorerank/src/components/FacebookButtom/index.tsx": {"path":"/Users/mayckcoelho/Projects/scorerank/src/components/FacebookButtom/index.tsx","statementMap":{"0":{"start":{"line":5,"column":0},"end":{"line":5,"column":16}},"1":{"start":{"line":7,"column":33},"end":{"line":12,"column":1}},"2":{"start":{"line":8,"column":4},"end":{"line":11,"column":19}}},"fnMap":{"0":{"name":"(anonymous_0)","decl":{"start":{"line":7,"column":33},"end":{"line":7,"column":34}},"loc":{"start":{"line":8,"column":4},"end":{"line":11,"column":19}},"line":8}},"branchMap":{},"s":{"0":3,"1":3,"2":2},"f":{"0":2},"b":{},"_coverageSchema":"43e27e138ebf9cfc5966b082cf9a028302ed4184","hash":"ec77174740b022df4b8631cb3f4a762415c2bd0c"}
,"/Users/mayckcoelho/Projects/scorerank/src/components/FacebookButtom/styles.ts": {"path":"/Users/mayckcoelho/Projects/scorerank/src/components/FacebookButtom/styles.ts","statementMap":{"0":{"start":{"line":3,"column":28},"end":{"line":13,"column":1}},"1":{"start":{"line":15,"column":26},"end":{"line":20,"column":1}}},"fnMap":{},"branchMap":{},"s":{"0":3,"1":3},"f":{},"b":{},"_coverageSchema":"43e27e138ebf9cfc5966b082cf9a028302ed4184","hash":"c4fd4c7d00d0a8c34b603d0db82a69b44d23f076"}
,"/Users/mayckcoelho/Projects/scorerank/src/components/GoogleButtom/index.tsx": {"path":"/Users/mayckcoelho/Projects/scorerank/src/components/GoogleButtom/index.tsx","statementMap":{"0":{"start":{"line":5,"column":0},"end":{"line":5,"column":16}},"1":{"start":{"line":7,"column":31},"end":{"line":12,"column":1}},"2":{"start":{"line":8,"column":4},"end":{"line":11,"column":19}}},"fnMap":{"0":{"name":"(anonymous_0)","decl":{"start":{"line":7,"column":31},"end":{"line":7,"column":32}},"loc":{"start":{"line":8,"column":4},"end":{"line":11,"column":19}},"line":8}},"branchMap":{},"s":{"0":3,"1":3,"2":2},"f":{"0":2},"b":{},"_coverageSchema":"43e27e138ebf9cfc5966b082cf9a028302ed4184","hash":"35e054b36433e65ba42842fa2c7943eb69cfa227"}
,"/Users/mayckcoelho/Projects/scorerank/src/components/GoogleButtom/styles.ts": {"path":"/Users/mayckcoelho/Projects/scorerank/src/components/GoogleButtom/styles.ts","statementMap":{"0":{"start":{"line":3,"column":28},"end":{"line":13,"column":1}},"1":{"start":{"line":15,"column":26},"end":{"line":20,"column":1}}},"fnMap":{},"branchMap":{},"s":{"0":3,"1":3},"f":{},"b":{},"_coverageSchema":"43e27e138ebf9cfc5966b082cf9a028302ed4184","hash":"f8823077a4ee1b97c582dda2972d1168638c84c6"}
,"/Users/mayckcoelho/Projects/scorerank/src/components/Input/index.tsx": {"path":"/Users/mayckcoelho/Projects/scorerank/src/components/Input/index.tsx","statementMap":{"0":{"start":{"line":8,"column":0},"end":{"line":8,"column":16}},"1":{"start":{"line":19,"column":36},"end":{"line":60,"column":1}},"2":{"start":{"line":20,"column":21},"end":{"line":20,"column":38}},"3":{"start":{"line":21,"column":62},"end":{"line":21,"column":76}},"4":{"start":{"line":23,"column":4},"end":{"line":25,"column":23}},"5":{"start":{"line":24,"column":8},"end":{"line":24,"column":46}},"6":{"start":{"line":27,"column":4},"end":{"line":41,"column":35}},"7":{"start":{"line":28,"column":8},"end":{"line":40,"column":11}},"8":{"start":{"line":33,"column":16},"end":{"line":33,"column":52}},"9":{"start":{"line":34,"column":16},"end":{"line":34,"column":47}},"10":{"start":{"line":37,"column":16},"end":{"line":37,"column":31}},"11":{"start":{"line":38,"column":16},"end":{"line":38,"column":28}},"12":{"start":{"line":42,"column":4},"end":{"line":59,"column":6}},"13":{"start":{"line":52,"column":24},"end":{"line":52,"column":55}}},"fnMap":{"0":{"name":"(anonymous_0)","decl":{"start":{"line":19,"column":36},"end":{"line":19,"column":37}},"loc":{"start":{"line":19,"column":65},"end":{"line":60,"column":1}},"line":19},"1":{"name":"(anonymous_1)","decl":{"start":{"line":23,"column":14},"end":{"line":23,"column":15}},"loc":{"start":{"line":23,"column":20},"end":{"line":25,"column":5}},"line":23},"2":{"name":"(anonymous_2)","decl":{"start":{"line":27,"column":14},"end":{"line":27,"column":15}},"loc":{"start":{"line":27,"column":20},"end":{"line":41,"column":5}},"line":27},"3":{"name":"(anonymous_3)","decl":{"start":{"line":32,"column":12},"end":{"line":32,"column":13}},"loc":{"start":{"line":32,"column":46},"end":{"line":35,"column":13}},"line":32},"4":{"name":"(anonymous_4)","decl":{"start":{"line":36,"column":12},"end":{"line":36,"column":13}},"loc":{"start":{"line":36,"column":33},"end":{"line":39,"column":13}},"line":36},"5":{"name":"(anonymous_5)","decl":{"start":{"line":51,"column":34},"end":{"line":51,"column":35}},"loc":{"start":{"line":51,"column":43},"end":{"line":53,"column":21}},"line":51}},"branchMap":{"0":{"loc":{"start":{"line":45,"column":17},"end":{"line":45,"column":71}},"type":"binary-expr","locations":[{"start":{"line":45,"column":17},"end":{"line":45,"column":21}},{"start":{"line":45,"column":25},"end":{"line":45,"column":71}}],"line":45},"1":{"loc":{"start":{"line":57,"column":13},"end":{"line":57,"column":68}},"type":"binary-expr","locations":[{"start":{"line":57,"column":13},"end":{"line":57,"column":18}},{"start":{"line":57,"column":22},"end":{"line":57,"column":68}}],"line":57}},"s":{"0":5,"1":5,"2":12,"3":12,"4":12,"5":0,"6":12,"7":0,"8":0,"9":0,"10":0,"11":0,"12":12,"13":0},"f":{"0":12,"1":0,"2":0,"3":0,"4":0,"5":0},"b":{"0":[12,12],"1":[12,0]},"_coverageSchema":"43e27e138ebf9cfc5966b082cf9a028302ed4184","hash":"de704c6717683a6c305cf98c76ecccee713a2205"}
,"/Users/mayckcoelho/Projects/scorerank/src/components/Input/styles.ts": {"path":"/Users/mayckcoelho/Projects/scorerank/src/components/Input/styles.ts","statementMap":{"0":{"start":{"line":3,"column":25},"end":{"line":8,"column":1}},"1":{"start":{"line":10,"column":23},"end":{"line":17,"column":1}},"2":{"start":{"line":19,"column":27},"end":{"line":23,"column":1}}},"fnMap":{},"branchMap":{},"s":{"0":5,"1":5,"2":5},"f":{},"b":{},"_coverageSchema":"43e27e138ebf9cfc5966b082cf9a028302ed4184","hash":"70f363d7e126f88bed707317ddb131c0a899e3fb"}
,"/Users/mayckcoelho/Projects/scorerank/src/components/Modal/index.tsx": {"path":"/Users/mayckcoelho/Projects/scorerank/src/components/Modal/index.tsx","statementMap":{"0":{"start":{"line":28,"column":31},"end":{"line":40,"column":1}},"1":{"start":{"line":29,"column":4},"end":{"line":39,"column":5}}},"fnMap":{"0":{"name":"(anonymous_0)","decl":{"start":{"line":28,"column":31},"end":{"line":28,"column":32}},"loc":{"start":{"line":28,"column":109},"end":{"line":40,"column":1}},"line":28}},"branchMap":{},"s":{"0":6,"1":3},"f":{"0":3},"b":{},"_coverageSchema":"43e27e138ebf9cfc5966b082cf9a028302ed4184","hash":"89f69eb01862a86a6d991decb736a8da197944d6"}
,"/Users/mayckcoelho/Projects/scorerank/src/components/Modal/styles.ts": {"path":"/Users/mayckcoelho/Projects/scorerank/src/components/Modal/styles.ts","statementMap":{"0":{"start":{"line":3,"column":23},"end":{"line":14,"column":1}},"1":{"start":{"line":16,"column":25},"end":{"line":23,"column":1}},"2":{"start":{"line":25,"column":27},"end":{"line":32,"column":1}},"3":{"start":{"line":34,"column":25},"end":{"line":36,"column":1}},"4":{"start":{"line":38,"column":28},"end":{"line":42,"column":1}},"5":{"start":{"line":44,"column":27},"end":{"line":49,"column":1}},"6":{"start":{"line":51,"column":23},"end":{"line":55,"column":1}},"7":{"start":{"line":57,"column":22},"end":{"line":65,"column":1}},"8":{"start":{"line":67,"column":26},"end":{"line":69,"column":1}}},"fnMap":{},"branchMap":{},"s":{"0":6,"1":6,"2":6,"3":6,"4":6,"5":6,"6":6,"7":6,"8":6},"f":{},"b":{},"_coverageSchema":"43e27e138ebf9cfc5966b082cf9a028302ed4184","hash":"7a45d62aa39703737ef0e24ed3efb886bda265a8"}
,"/Users/mayckcoelho/Projects/scorerank/src/components/ModalDetail/index.tsx": {"path":"/Users/mayckcoelho/Projects/scorerank/src/components/ModalDetail/index.tsx","statementMap":{"0":{"start":{"line":16,"column":37},"end":{"line":28,"column":1}},"1":{"start":{"line":17,"column":4},"end":{"line":27,"column":5}}},"fnMap":{"0":{"name":"(anonymous_0)","decl":{"start":{"line":16,"column":37},"end":{"line":16,"column":38}},"loc":{"start":{"line":16,"column":73},"end":{"line":28,"column":1}},"line":16}},"branchMap":{},"s":{"0":7,"1":4},"f":{"0":4},"b":{},"_coverageSchema":"43e27e138ebf9cfc5966b082cf9a028302ed4184","hash":"4d744140c85c1a3f025bdc880d7ef4b9ac696271"}
,"/Users/mayckcoelho/Projects/scorerank/src/components/ModalDetail/styles.ts": {"path":"/Users/mayckcoelho/Projects/scorerank/src/components/ModalDetail/styles.ts","statementMap":{"0":{"start":{"line":3,"column":23},"end":{"line":14,"column":1}},"1":{"start":{"line":16,"column":25},"end":{"line":23,"column":1}},"2":{"start":{"line":25,"column":27},"end":{"line":32,"column":1}},"3":{"start":{"line":34,"column":25},"end":{"line":36,"column":1}}},"fnMap":{},"branchMap":{},"s":{"0":7,"1":7,"2":7,"3":7},"f":{},"b":{},"_coverageSchema":"43e27e138ebf9cfc5966b082cf9a028302ed4184","hash":"4878d979558ca9aaada3f82cd66fe47926618c90"}
,"/Users/mayckcoelho/Projects/scorerank/src/contexts/auth.tsx": {"path":"/Users/mayckcoelho/Projects/scorerank/src/contexts/auth.tsx","statementMap":{"0":{"start":{"line":13,"column":20},"end":{"line":13,"column":75}},"1":{"start":{"line":15,"column":38},"end":{"line":95,"column":1}},"2":{"start":{"line":16,"column":28},"end":{"line":16,"column":56}},"3":{"start":{"line":17,"column":34},"end":{"line":17,"column":49}},"4":{"start":{"line":19,"column":4},"end":{"line":32,"column":10}},"5":{"start":{"line":21,"column":58},"end":{"line":21,"column":120}},"6":{"start":{"line":23,"column":12},"end":{"line":28,"column":13}},"7":{"start":{"line":24,"column":16},"end":{"line":24,"column":79}},"8":{"start":{"line":26,"column":16},"end":{"line":26,"column":50}},"9":{"start":{"line":27,"column":16},"end":{"line":27,"column":34}},"10":{"start":{"line":31,"column":8},"end":{"line":31,"column":26}},"11":{"start":{"line":34,"column":19},"end":{"line":41,"column":5}},"12":{"start":{"line":35,"column":25},"end":{"line":37,"column":10}},"13":{"start":{"line":36,"column":12},"end":{"line":36,"column":41}},"14":{"start":{"line":39,"column":8},"end":{"line":40,"column":41}},"15":{"start":{"line":40,"column":12},"end":{"line":40,"column":41}},"16":{"start":{"line":43,"column":21},"end":{"line":50,"column":5}},"17":{"start":{"line":44,"column":25},"end":{"line":46,"column":10}},"18":{"start":{"line":45,"column":12},"end":{"line":45,"column":41}},"19":{"start":{"line":48,"column":8},"end":{"line":49,"column":41}},"20":{"start":{"line":49,"column":12},"end":{"line":49,"column":41}},"21":{"start":{"line":52,"column":27},"end":{"line":68,"column":5}},"22":{"start":{"line":53,"column":22},"end":{"line":53,"column":38}},"23":{"start":{"line":54,"column":24},"end":{"line":57,"column":9}},"24":{"start":{"line":59,"column":8},"end":{"line":59,"column":63}},"25":{"start":{"line":61,"column":25},"end":{"line":61,"column":63}},"26":{"start":{"line":63,"column":21},"end":{"line":63,"column":43}},"27":{"start":{"line":64,"column":8},"end":{"line":64,"column":72}},"28":{"start":{"line":66,"column":8},"end":{"line":66,"column":21}},"29":{"start":{"line":67,"column":8},"end":{"line":67,"column":58}},"30":{"start":{"line":70,"column":20},"end":{"line":74,"column":5}},"31":{"start":{"line":71,"column":8},"end":{"line":73,"column":11}},"32":{"start":{"line":72,"column":12},"end":{"line":72,"column":26}},"33":{"start":{"line":76,"column":24},"end":{"line":88,"column":5}},"34":{"start":{"line":77,"column":8},"end":{"line":87,"column":9}},"35":{"start":{"line":78,"column":28},"end":{"line":78,"column":62}},"36":{"start":{"line":80,"column":12},"end":{"line":82,"column":14}},"37":{"start":{"line":84,"column":12},"end":{"line":84,"column":79}},"38":{"start":{"line":86,"column":12},"end":{"line":86,"column":28}},"39":{"start":{"line":90,"column":4},"end":{"line":94,"column":5}},"40":{"start":{"line":98,"column":20},"end":{"line":98,"column":43}},"41":{"start":{"line":100,"column":4},"end":{"line":100,"column":19}}},"fnMap":{"0":{"name":"(anonymous_0)","decl":{"start":{"line":15,"column":38},"end":{"line":15,"column":39}},"loc":{"start":{"line":15,"column":56},"end":{"line":95,"column":1}},"line":15},"1":{"name":"(anonymous_1)","decl":{"start":{"line":19,"column":14},"end":{"line":19,"column":15}},"loc":{"start":{"line":19,"column":20},"end":{"line":32,"column":5}},"line":19},"2":{"name":"loadStorageData","decl":{"start":{"line":20,"column":23},"end":{"line":20,"column":38}},"loc":{"start":{"line":20,"column":41},"end":{"line":29,"column":9}},"line":20},"3":{"name":"(anonymous_3)","decl":{"start":{"line":34,"column":19},"end":{"line":34,"column":20}},"loc":{"start":{"line":34,"column":51},"end":{"line":41,"column":5}},"line":34},"4":{"name":"(anonymous_4)","decl":{"start":{"line":35,"column":55},"end":{"line":35,"column":56}},"loc":{"start":{"line":35,"column":62},"end":{"line":37,"column":9}},"line":35},"5":{"name":"(anonymous_5)","decl":{"start":{"line":43,"column":21},"end":{"line":43,"column":22}},"loc":{"start":{"line":43,"column":55},"end":{"line":50,"column":5}},"line":43},"6":{"name":"(anonymous_6)","decl":{"start":{"line":44,"column":57},"end":{"line":44,"column":58}},"loc":{"start":{"line":44,"column":64},"end":{"line":46,"column":9}},"line":44},"7":{"name":"(anonymous_7)","decl":{"start":{"line":52,"column":27},"end":{"line":52,"column":28}},"loc":{"start":{"line":52,"column":48},"end":{"line":68,"column":5}},"line":52},"8":{"name":"(anonymous_8)","decl":{"start":{"line":70,"column":20},"end":{"line":70,"column":21}},"loc":{"start":{"line":70,"column":26},"end":{"line":74,"column":5}},"line":70},"9":{"name":"(anonymous_9)","decl":{"start":{"line":71,"column":34},"end":{"line":71,"column":35}},"loc":{"start":{"line":71,"column":40},"end":{"line":73,"column":9}},"line":71},"10":{"name":"(anonymous_10)","decl":{"start":{"line":76,"column":24},"end":{"line":76,"column":25}},"loc":{"start":{"line":76,"column":36},"end":{"line":88,"column":5}},"line":76},"11":{"name":"useAuth","decl":{"start":{"line":97,"column":16},"end":{"line":97,"column":23}},"loc":{"start":{"line":97,"column":26},"end":{"line":101,"column":1}},"line":97}},"branchMap":{"0":{"loc":{"start":{"line":23,"column":12},"end":{"line":28,"column":13}},"type":"if","locations":[{"start":{"line":23,"column":12},"end":{"line":28,"column":13}},{"start":{"line":23,"column":12},"end":{"line":28,"column":13}}],"line":23},"1":{"loc":{"start":{"line":23,"column":16},"end":{"line":23,"column":45}},"type":"binary-expr","locations":[{"start":{"line":23,"column":16},"end":{"line":23,"column":28}},{"start":{"line":23,"column":32},"end":{"line":23,"column":45}}],"line":23},"2":{"loc":{"start":{"line":39,"column":8},"end":{"line":40,"column":41}},"type":"if","locations":[{"start":{"line":39,"column":8},"end":{"line":40,"column":41}},{"start":{"line":39,"column":8},"end":{"line":40,"column":41}}],"line":39},"3":{"loc":{"start":{"line":48,"column":8},"end":{"line":49,"column":41}},"type":"if","locations":[{"start":{"line":48,"column":8},"end":{"line":49,"column":41}},{"start":{"line":48,"column":8},"end":{"line":49,"column":41}}],"line":48},"4":{"loc":{"start":{"line":77,"column":8},"end":{"line":87,"column":9}},"type":"if","locations":[{"start":{"line":77,"column":8},"end":{"line":87,"column":9}},{"start":{"line":77,"column":8},"end":{"line":87,"column":9}}],"line":77}},"s":{"0":11,"1":11,"2":1,"3":1,"4":1,"5":0,"6":0,"7":0,"8":0,"9":0,"10":0,"11":1,"12":0,"13":0,"14":0,"15":0,"16":1,"17":0,"18":0,"19":0,"20":0,"21":1,"22":0,"23":0,"24":0,"25":0,"26":0,"27":0,"28":0,"29":0,"30":1,"31":0,"32":0,"33":1,"34":0,"35":0,"36":0,"37":0,"38":0,"39":1,"40":7,"41":7},"f":{"0":1,"1":0,"2":0,"3":0,"4":0,"5":0,"6":0,"7":0,"8":0,"9":0,"10":0,"11":7},"b":{"0":[0,0],"1":[0,0],"2":[0,0],"3":[0,0],"4":[0,0]},"_coverageSchema":"43e27e138ebf9cfc5966b082cf9a028302ed4184","hash":"f36f0807c903e8af9373a66bd8541fa2d4ea9151"}
,"/Users/mayckcoelho/Projects/scorerank/src/ducks/debts.ts": {"path":"/Users/mayckcoelho/Projects/scorerank/src/ducks/debts.ts","statementMap":{"0":{"start":{"line":5,"column":21},"end":{"line":8,"column":1}},"1":{"start":{"line":16,"column":28},"end":{"line":18,"column":1}},"2":{"start":{"line":21,"column":4},"end":{"line":29,"column":5}},"3":{"start":{"line":23,"column":12},"end":{"line":23,"column":76}},"4":{"start":{"line":25,"column":29},"end":{"line":25,"column":86}},"5":{"start":{"line":25,"column":62},"end":{"line":25,"column":85}},"6":{"start":{"line":26,"column":12},"end":{"line":26,"column":54}},"7":{"start":{"line":28,"column":12},"end":{"line":28,"column":25}},"8":{"start":{"line":34,"column":4},"end":{"line":51,"column":5}},"9":{"start":{"line":36,"column":8},"end":{"line":50,"column":9}},"10":{"start":{"line":37,"column":29},"end":{"line":37,"column":94}},"11":{"start":{"line":39,"column":12},"end":{"line":44,"column":13}},"12":{"start":{"line":40,"column":16},"end":{"line":43,"column":18}},"13":{"start":{"line":46,"column":12},"end":{"line":49,"column":14}},"14":{"start":{"line":55,"column":4},"end":{"line":65,"column":5}},"15":{"start":{"line":57,"column":25},"end":{"line":57,"column":61}},"16":{"start":{"line":59,"column":8},"end":{"line":64,"column":9}},"17":{"start":{"line":60,"column":12},"end":{"line":63,"column":14}}},"fnMap":{"0":{"name":"reducer","decl":{"start":{"line":20,"column":24},"end":{"line":20,"column":31}},"loc":{"start":{"line":20,"column":70},"end":{"line":30,"column":1}},"line":20},"1":{"name":"(anonymous_1)","decl":{"start":{"line":25,"column":48},"end":{"line":25,"column":49}},"loc":{"start":{"line":25,"column":62},"end":{"line":25,"column":85}},"line":25},"2":{"name":"load","decl":{"start":{"line":33,"column":16},"end":{"line":33,"column":20}},"loc":{"start":{"line":33,"column":91},"end":{"line":52,"column":1}},"line":33},"3":{"name":"(anonymous_3)","decl":{"start":{"line":34,"column":11},"end":{"line":34,"column":12}},"loc":{"start":{"line":34,"column":36},"end":{"line":51,"column":5}},"line":34},"4":{"name":"pay","decl":{"start":{"line":54,"column":16},"end":{"line":54,"column":19}},"loc":{"start":{"line":54,"column":48},"end":{"line":66,"column":1}},"line":54},"5":{"name":"(anonymous_5)","decl":{"start":{"line":55,"column":11},"end":{"line":55,"column":12}},"loc":{"start":{"line":55,"column":36},"end":{"line":65,"column":5}},"line":55}},"branchMap":{"0":{"loc":{"start":{"line":20,"column":32},"end":{"line":20,"column":52}},"type":"default-arg","locations":[{"start":{"line":20,"column":40},"end":{"line":20,"column":52}}],"line":20},"1":{"loc":{"start":{"line":21,"column":4},"end":{"line":29,"column":5}},"type":"switch","locations":[{"start":{"line":22,"column":8},"end":{"line":23,"column":76}},{"start":{"line":24,"column":8},"end":{"line":26,"column":54}},{"start":{"line":27,"column":8},"end":{"line":28,"column":25}}],"line":21},"2":{"loc":{"start":{"line":36,"column":8},"end":{"line":50,"column":9}},"type":"if","locations":[{"start":{"line":36,"column":8},"end":{"line":50,"column":9}},{"start":{"line":36,"column":8},"end":{"line":50,"column":9}}],"line":36},"3":{"loc":{"start":{"line":36,"column":12},"end":{"line":36,"column":72}},"type":"binary-expr","locations":[{"start":{"line":36,"column":12},"end":{"line":36,"column":18}},{"start":{"line":36,"column":22},"end":{"line":36,"column":27}},{"start":{"line":36,"column":31},"end":{"line":36,"column":41}},{"start":{"line":36,"column":46},"end":{"line":36,"column":57}},{"start":{"line":36,"column":61},"end":{"line":36,"column":71}}],"line":36},"4":{"loc":{"start":{"line":39,"column":12},"end":{"line":44,"column":13}},"type":"if","locations":[{"start":{"line":39,"column":12},"end":{"line":44,"column":13}},{"start":{"line":39,"column":12},"end":{"line":44,"column":13}}],"line":39},"5":{"loc":{"start":{"line":59,"column":8},"end":{"line":64,"column":9}},"type":"if","locations":[{"start":{"line":59,"column":8},"end":{"line":64,"column":9}},{"start":{"line":59,"column":8},"end":{"line":64,"column":9}}],"line":59}},"s":{"0":4,"1":4,"2":4,"3":1,"4":0,"5":0,"6":0,"7":3,"8":0,"9":0,"10":0,"11":0,"12":0,"13":0,"14":0,"15":0,"16":0,"17":0},"f":{"0":4,"1":0,"2":0,"3":0,"4":0,"5":0},"b":{"0":[3],"1":[1,0,3],"2":[0,0],"3":[0,0,0,0,0],"4":[0,0],"5":[0,0]},"_coverageSchema":"43e27e138ebf9cfc5966b082cf9a028302ed4184","hash":"d77b888c37228613c09471006a2133848f6066ee"}
,"/Users/mayckcoelho/Projects/scorerank/src/ducks/proposals.ts": {"path":"/Users/mayckcoelho/Projects/scorerank/src/ducks/proposals.ts","statementMap":{"0":{"start":{"line":5,"column":21},"end":{"line":8,"column":1}},"1":{"start":{"line":16,"column":28},"end":{"line":18,"column":1}},"2":{"start":{"line":21,"column":4},"end":{"line":29,"column":5}},"3":{"start":{"line":23,"column":12},"end":{"line":23,"column":64}},"4":{"start":{"line":25,"column":33},"end":{"line":25,"column":98}},"5":{"start":{"line":25,"column":74},"end":{"line":25,"column":97}},"6":{"start":{"line":26,"column":12},"end":{"line":26,"column":62}},"7":{"start":{"line":28,"column":12},"end":{"line":28,"column":25}},"8":{"start":{"line":34,"column":4},"end":{"line":50,"column":5}},"9":{"start":{"line":35,"column":8},"end":{"line":49,"column":9}},"10":{"start":{"line":36,"column":29},"end":{"line":36,"column":72}},"11":{"start":{"line":38,"column":12},"end":{"line":42,"column":18}},"12":{"start":{"line":39,"column":16},"end":{"line":42,"column":18}},"13":{"start":{"line":45,"column":12},"end":{"line":48,"column":14}},"14":{"start":{"line":54,"column":4},"end":{"line":64,"column":5}},"15":{"start":{"line":56,"column":25},"end":{"line":56,"column":69}},"16":{"start":{"line":58,"column":8},"end":{"line":63,"column":9}},"17":{"start":{"line":59,"column":12},"end":{"line":62,"column":14}}},"fnMap":{"0":{"name":"reducer","decl":{"start":{"line":20,"column":24},"end":{"line":20,"column":31}},"loc":{"start":{"line":20,"column":70},"end":{"line":30,"column":1}},"line":20},"1":{"name":"(anonymous_1)","decl":{"start":{"line":25,"column":56},"end":{"line":25,"column":57}},"loc":{"start":{"line":25,"column":74},"end":{"line":25,"column":97}},"line":25},"2":{"name":"load","decl":{"start":{"line":33,"column":16},"end":{"line":33,"column":20}},"loc":{"start":{"line":33,"column":64},"end":{"line":51,"column":1}},"line":33},"3":{"name":"(anonymous_3)","decl":{"start":{"line":34,"column":11},"end":{"line":34,"column":12}},"loc":{"start":{"line":34,"column":36},"end":{"line":50,"column":5}},"line":34},"4":{"name":"accept","decl":{"start":{"line":53,"column":16},"end":{"line":53,"column":22}},"loc":{"start":{"line":53,"column":55},"end":{"line":65,"column":1}},"line":53},"5":{"name":"(anonymous_5)","decl":{"start":{"line":54,"column":11},"end":{"line":54,"column":12}},"loc":{"start":{"line":54,"column":36},"end":{"line":64,"column":5}},"line":54}},"branchMap":{"0":{"loc":{"start":{"line":20,"column":32},"end":{"line":20,"column":52}},"type":"default-arg","locations":[{"start":{"line":20,"column":40},"end":{"line":20,"column":52}}],"line":20},"1":{"loc":{"start":{"line":21,"column":4},"end":{"line":29,"column":5}},"type":"switch","locations":[{"start":{"line":22,"column":8},"end":{"line":23,"column":64}},{"start":{"line":24,"column":8},"end":{"line":26,"column":62}},{"start":{"line":27,"column":8},"end":{"line":28,"column":25}}],"line":21},"2":{"loc":{"start":{"line":35,"column":8},"end":{"line":49,"column":9}},"type":"if","locations":[{"start":{"line":35,"column":8},"end":{"line":49,"column":9}},{"start":{"line":35,"column":8},"end":{"line":49,"column":9}}],"line":35},"3":{"loc":{"start":{"line":35,"column":12},"end":{"line":35,"column":48}},"type":"binary-expr","locations":[{"start":{"line":35,"column":12},"end":{"line":35,"column":18}},{"start":{"line":35,"column":22},"end":{"line":35,"column":33}},{"start":{"line":35,"column":37},"end":{"line":35,"column":48}}],"line":35},"4":{"loc":{"start":{"line":38,"column":12},"end":{"line":42,"column":18}},"type":"if","locations":[{"start":{"line":38,"column":12},"end":{"line":42,"column":18}},{"start":{"line":38,"column":12},"end":{"line":42,"column":18}}],"line":38},"5":{"loc":{"start":{"line":58,"column":8},"end":{"line":63,"column":9}},"type":"if","locations":[{"start":{"line":58,"column":8},"end":{"line":63,"column":9}},{"start":{"line":58,"column":8},"end":{"line":63,"column":9}}],"line":58}},"s":{"0":4,"1":4,"2":5,"3":1,"4":1,"5":2,"6":1,"7":3,"8":0,"9":0,"10":0,"11":0,"12":0,"13":0,"14":0,"15":0,"16":0,"17":0},"f":{"0":5,"1":2,"2":0,"3":0,"4":0,"5":0},"b":{"0":[3],"1":[1,1,3],"2":[0,0],"3":[0,0,0],"4":[0,0],"5":[0,0]},"_coverageSchema":"43e27e138ebf9cfc5966b082cf9a028302ed4184","hash":"b33ac148d4fcdc1af3680f938e9269d4c530de02"}
,"/Users/mayckcoelho/Projects/scorerank/src/ducks/protections.ts": {"path":"/Users/mayckcoelho/Projects/scorerank/src/ducks/protections.ts","statementMap":{"0":{"start":{"line":5,"column":21},"end":{"line":8,"column":1}},"1":{"start":{"line":16,"column":28},"end":{"line":18,"column":1}},"2":{"start":{"line":21,"column":4},"end":{"line":29,"column":5}},"3":{"start":{"line":23,"column":12},"end":{"line":23,"column":66}},"4":{"start":{"line":25,"column":35},"end":{"line":25,"column":104}},"5":{"start":{"line":25,"column":80},"end":{"line":25,"column":103}},"6":{"start":{"line":26,"column":12},"end":{"line":26,"column":66}},"7":{"start":{"line":28,"column":12},"end":{"line":28,"column":25}},"8":{"start":{"line":34,"column":4},"end":{"line":50,"column":5}},"9":{"start":{"line":35,"column":8},"end":{"line":49,"column":9}},"10":{"start":{"line":36,"column":29},"end":{"line":36,"column":74}},"11":{"start":{"line":38,"column":12},"end":{"line":42,"column":18}},"12":{"start":{"line":39,"column":16},"end":{"line":42,"column":18}},"13":{"start":{"line":45,"column":12},"end":{"line":48,"column":14}},"14":{"start":{"line":54,"column":4},"end":{"line":64,"column":5}},"15":{"start":{"line":56,"column":25},"end":{"line":56,"column":73}},"16":{"start":{"line":58,"column":8},"end":{"line":63,"column":9}},"17":{"start":{"line":59,"column":12},"end":{"line":62,"column":14}}},"fnMap":{"0":{"name":"reducer","decl":{"start":{"line":20,"column":24},"end":{"line":20,"column":31}},"loc":{"start":{"line":20,"column":70},"end":{"line":30,"column":1}},"line":20},"1":{"name":"(anonymous_1)","decl":{"start":{"line":25,"column":60},"end":{"line":25,"column":61}},"loc":{"start":{"line":25,"column":80},"end":{"line":25,"column":103}},"line":25},"2":{"name":"load","decl":{"start":{"line":33,"column":16},"end":{"line":33,"column":20}},"loc":{"start":{"line":33,"column":64},"end":{"line":51,"column":1}},"line":33},"3":{"name":"(anonymous_3)","decl":{"start":{"line":34,"column":11},"end":{"line":34,"column":12}},"loc":{"start":{"line":34,"column":36},"end":{"line":50,"column":5}},"line":34},"4":{"name":"accept","decl":{"start":{"line":53,"column":16},"end":{"line":53,"column":22}},"loc":{"start":{"line":53,"column":57},"end":{"line":65,"column":1}},"line":53},"5":{"name":"(anonymous_5)","decl":{"start":{"line":54,"column":11},"end":{"line":54,"column":12}},"loc":{"start":{"line":54,"column":36},"end":{"line":64,"column":5}},"line":54}},"branchMap":{"0":{"loc":{"start":{"line":20,"column":32},"end":{"line":20,"column":52}},"type":"default-arg","locations":[{"start":{"line":20,"column":40},"end":{"line":20,"column":52}}],"line":20},"1":{"loc":{"start":{"line":21,"column":4},"end":{"line":29,"column":5}},"type":"switch","locations":[{"start":{"line":22,"column":8},"end":{"line":23,"column":66}},{"start":{"line":24,"column":8},"end":{"line":26,"column":66}},{"start":{"line":27,"column":8},"end":{"line":28,"column":25}}],"line":21},"2":{"loc":{"start":{"line":35,"column":8},"end":{"line":49,"column":9}},"type":"if","locations":[{"start":{"line":35,"column":8},"end":{"line":49,"column":9}},{"start":{"line":35,"column":8},"end":{"line":49,"column":9}}],"line":35},"3":{"loc":{"start":{"line":35,"column":12},"end":{"line":35,"column":33}},"type":"binary-expr","locations":[{"start":{"line":35,"column":12},"end":{"line":35,"column":18}},{"start":{"line":35,"column":22},"end":{"line":35,"column":33}}],"line":35},"4":{"loc":{"start":{"line":38,"column":12},"end":{"line":42,"column":18}},"type":"if","locations":[{"start":{"line":38,"column":12},"end":{"line":42,"column":18}},{"start":{"line":38,"column":12},"end":{"line":42,"column":18}}],"line":38},"5":{"loc":{"start":{"line":58,"column":8},"end":{"line":63,"column":9}},"type":"if","locations":[{"start":{"line":58,"column":8},"end":{"line":63,"column":9}},{"start":{"line":58,"column":8},"end":{"line":63,"column":9}}],"line":58}},"s":{"0":4,"1":4,"2":5,"3":1,"4":1,"5":2,"6":1,"7":3,"8":0,"9":0,"10":0,"11":0,"12":0,"13":0,"14":0,"15":0,"16":0,"17":0},"f":{"0":5,"1":2,"2":0,"3":0,"4":0,"5":0},"b":{"0":[3],"1":[1,1,3],"2":[0,0],"3":[0,0],"4":[0,0],"5":[0,0]},"_coverageSchema":"43e27e138ebf9cfc5966b082cf9a028302ed4184","hash":"017916d6eb4e3279c5718c014e482edfabbdae77"}
,"/Users/mayckcoelho/Projects/scorerank/src/pages/Dashboard/index.tsx": {"path":"/Users/mayckcoelho/Projects/scorerank/src/pages/Dashboard/index.tsx","statementMap":{"0":{"start":{"line":4,"column":0},"end":{"line":4,"column":16}},"1":{"start":{"line":33,"column":35},"end":{"line":111,"column":1}},"2":{"start":{"line":34,"column":46},"end":{"line":34,"column":60}},"3":{"start":{"line":35,"column":30},"end":{"line":35,"column":39}},"4":{"start":{"line":36,"column":21},"end":{"line":36,"column":34}},"5":{"start":{"line":37,"column":27},"end":{"line":37,"column":72}},"6":{"start":{"line":37,"column":55},"end":{"line":37,"column":71}},"7":{"start":{"line":38,"column":35},"end":{"line":38,"column":88}},"8":{"start":{"line":38,"column":63},"end":{"line":38,"column":87}},"9":{"start":{"line":39,"column":39},"end":{"line":39,"column":96}},"10":{"start":{"line":39,"column":67},"end":{"line":39,"column":95}},"11":{"start":{"line":42,"column":4},"end":{"line":49,"column":5}},"12":{"start":{"line":43,"column":8},"end":{"line":48,"column":59}},"13":{"start":{"line":44,"column":12},"end":{"line":44,"column":58}},"14":{"start":{"line":44,"column":43},"end":{"line":44,"column":56}},"15":{"start":{"line":45,"column":13},"end":{"line":48,"column":59}},"16":{"start":{"line":46,"column":12},"end":{"line":46,"column":58}},"17":{"start":{"line":46,"column":43},"end":{"line":46,"column":56}},"18":{"start":{"line":48,"column":12},"end":{"line":48,"column":59}},"19":{"start":{"line":48,"column":43},"end":{"line":48,"column":57}},"20":{"start":{"line":51,"column":26},"end":{"line":53,"column":5}},"21":{"start":{"line":52,"column":8},"end":{"line":52,"column":18}},"22":{"start":{"line":55,"column":4},"end":{"line":59,"column":10}},"23":{"start":{"line":56,"column":8},"end":{"line":56,"column":64}},"24":{"start":{"line":57,"column":8},"end":{"line":57,"column":59}},"25":{"start":{"line":58,"column":8},"end":{"line":58,"column":61}},"26":{"start":{"line":61,"column":4},"end":{"line":110,"column":5}},"27":{"start":{"line":74,"column":28},"end":{"line":83,"column":31}},"28":{"start":{"line":76,"column":56},"end":{"line":76,"column":79}},"29":{"start":{"line":100,"column":39},"end":{"line":100,"column":72}},"30":{"start":{"line":103,"column":20},"end":{"line":103,"column":60}},"31":{"start":{"line":106,"column":20},"end":{"line":106,"column":64}}},"fnMap":{"0":{"name":"(anonymous_0)","decl":{"start":{"line":33,"column":35},"end":{"line":33,"column":36}},"loc":{"start":{"line":33,"column":55},"end":{"line":111,"column":1}},"line":33},"1":{"name":"(anonymous_1)","decl":{"start":{"line":37,"column":39},"end":{"line":37,"column":40}},"loc":{"start":{"line":37,"column":55},"end":{"line":37,"column":71}},"line":37},"2":{"name":"(anonymous_2)","decl":{"start":{"line":38,"column":47},"end":{"line":38,"column":48}},"loc":{"start":{"line":38,"column":63},"end":{"line":38,"column":87}},"line":38},"3":{"name":"(anonymous_3)","decl":{"start":{"line":39,"column":51},"end":{"line":39,"column":52}},"loc":{"start":{"line":39,"column":67},"end":{"line":39,"column":95}},"line":39},"4":{"name":"(anonymous_4)","decl":{"start":{"line":44,"column":38},"end":{"line":44,"column":39}},"loc":{"start":{"line":44,"column":43},"end":{"line":44,"column":56}},"line":44},"5":{"name":"(anonymous_5)","decl":{"start":{"line":46,"column":38},"end":{"line":46,"column":39}},"loc":{"start":{"line":46,"column":43},"end":{"line":46,"column":56}},"line":46},"6":{"name":"(anonymous_6)","decl":{"start":{"line":48,"column":38},"end":{"line":48,"column":39}},"loc":{"start":{"line":48,"column":43},"end":{"line":48,"column":57}},"line":48},"7":{"name":"(anonymous_7)","decl":{"start":{"line":51,"column":26},"end":{"line":51,"column":27}},"loc":{"start":{"line":51,"column":32},"end":{"line":53,"column":5}},"line":51},"8":{"name":"(anonymous_8)","decl":{"start":{"line":55,"column":14},"end":{"line":55,"column":15}},"loc":{"start":{"line":55,"column":20},"end":{"line":59,"column":5}},"line":55},"9":{"name":"(anonymous_9)","decl":{"start":{"line":73,"column":24},"end":{"line":73,"column":25}},"loc":{"start":{"line":74,"column":28},"end":{"line":83,"column":31}},"line":74},"10":{"name":"(anonymous_10)","decl":{"start":{"line":76,"column":48},"end":{"line":76,"column":49}},"loc":{"start":{"line":76,"column":54},"end":{"line":76,"column":81}},"line":76},"11":{"name":"(anonymous_11)","decl":{"start":{"line":100,"column":33},"end":{"line":100,"column":34}},"loc":{"start":{"line":100,"column":39},"end":{"line":100,"column":72}},"line":100},"12":{"name":"(anonymous_12)","decl":{"start":{"line":102,"column":55},"end":{"line":102,"column":56}},"loc":{"start":{"line":103,"column":20},"end":{"line":103,"column":60}},"line":103},"13":{"name":"(anonymous_13)","decl":{"start":{"line":105,"column":59},"end":{"line":105,"column":60}},"loc":{"start":{"line":106,"column":20},"end":{"line":106,"column":64}},"line":106}},"branchMap":{"0":{"loc":{"start":{"line":42,"column":4},"end":{"line":49,"column":5}},"type":"if","locations":[{"start":{"line":42,"column":4},"end":{"line":49,"column":5}},{"start":{"line":42,"column":4},"end":{"line":49,"column":5}}],"line":42},"1":{"loc":{"start":{"line":43,"column":8},"end":{"line":48,"column":59}},"type":"if","locations":[{"start":{"line":43,"column":8},"end":{"line":48,"column":59}},{"start":{"line":43,"column":8},"end":{"line":48,"column":59}}],"line":43},"2":{"loc":{"start":{"line":45,"column":13},"end":{"line":48,"column":59}},"type":"if","locations":[{"start":{"line":45,"column":13},"end":{"line":48,"column":59}},{"start":{"line":45,"column":13},"end":{"line":48,"column":59}}],"line":45},"3":{"loc":{"start":{"line":57,"column":41},"end":{"line":57,"column":57}},"type":"binary-expr","locations":[{"start":{"line":57,"column":41},"end":{"line":57,"column":52}},{"start":{"line":57,"column":56},"end":{"line":57,"column":57}}],"line":57},"4":{"loc":{"start":{"line":58,"column":43},"end":{"line":58,"column":59}},"type":"binary-expr","locations":[{"start":{"line":58,"column":43},"end":{"line":58,"column":54}},{"start":{"line":58,"column":58},"end":{"line":58,"column":59}}],"line":58},"5":{"loc":{"start":{"line":75,"column":33},"end":{"line":75,"column":68}},"type":"binary-expr","locations":[{"start":{"line":75,"column":33},"end":{"line":75,"column":46}},{"start":{"line":75,"column":50},"end":{"line":75,"column":68}}],"line":75},"6":{"loc":{"start":{"line":78,"column":40},"end":{"line":80,"column":79}},"type":"cond-expr","locations":[{"start":{"line":79,"column":44},"end":{"line":79,"column":65}},{"start":{"line":80,"column":44},"end":{"line":80,"column":79}}],"line":78},"7":{"loc":{"start":{"line":89,"column":17},"end":{"line":100,"column":76}},"type":"binary-expr","locations":[{"start":{"line":89,"column":17},"end":{"line":89,"column":33}},{"start":{"line":90,"column":20},"end":{"line":100,"column":76}}],"line":89},"8":{"loc":{"start":{"line":102,"column":17},"end":{"line":104,"column":17}},"type":"binary-expr","locations":[{"start":{"line":102,"column":17},"end":{"line":102,"column":37}},{"start":{"line":102,"column":41},"end":{"line":104,"column":17}}],"line":102},"9":{"loc":{"start":{"line":105,"column":17},"end":{"line":107,"column":17}},"type":"binary-expr","locations":[{"start":{"line":105,"column":17},"end":{"line":105,"column":39}},{"start":{"line":105,"column":43},"end":{"line":107,"column":17}}],"line":105}},"s":{"0":2,"1":2,"2":0,"3":0,"4":0,"5":0,"6":0,"7":0,"8":0,"9":0,"10":0,"11":0,"12":0,"13":0,"14":0,"15":0,"16":0,"17":0,"18":0,"19":0,"20":0,"21":0,"22":0,"23":0,"24":0,"25":0,"26":0,"27":0,"28":0,"29":0,"30":0,"31":0},"f":{"0":0,"1":0,"2":0,"3":0,"4":0,"5":0,"6":0,"7":0,"8":0,"9":0,"10":0,"11":0,"12":0,"13":0},"b":{"0":[0,0],"1":[0,0],"2":[0,0],"3":[0,0],"4":[0,0],"5":[0,0],"6":[0,0],"7":[0,0],"8":[0,0],"9":[0,0]},"_coverageSchema":"43e27e138ebf9cfc5966b082cf9a028302ed4184","hash":"e04e9f83bdd94967511efac018d21e875135e2ec"}
,"/Users/mayckcoelho/Projects/scorerank/src/pages/Dashboard/styles.ts": {"path":"/Users/mayckcoelho/Projects/scorerank/src/pages/Dashboard/styles.ts","statementMap":{"0":{"start":{"line":6,"column":25},"end":{"line":10,"column":1}},"1":{"start":{"line":12,"column":23},"end":{"line":15,"column":1}},"2":{"start":{"line":17,"column":24},"end":{"line":24,"column":1}},"3":{"start":{"line":26,"column":32},"end":{"line":29,"column":1}},"4":{"start":{"line":31,"column":22},"end":{"line":35,"column":1}},"5":{"start":{"line":37,"column":20},"end":{"line":41,"column":1}}},"fnMap":{},"branchMap":{},"s":{"0":2,"1":2,"2":2,"3":2,"4":2,"5":2},"f":{},"b":{},"_coverageSchema":"43e27e138ebf9cfc5966b082cf9a028302ed4184","hash":"eaef6aa04b9e0775545b93410c5c1258aaf31aa8"}
,"/Users/mayckcoelho/Projects/scorerank/src/pages/Dashboard/ProposalCard/index.tsx": {"path":"/Users/mayckcoelho/Projects/scorerank/src/pages/Dashboard/ProposalCard/index.tsx","statementMap":{"0":{"start":{"line":13,"column":38},"end":{"line":46,"column":1}},"1":{"start":{"line":14,"column":34},"end":{"line":14,"column":49}},"2":{"start":{"line":15,"column":28},"end":{"line":15,"column":37}},"3":{"start":{"line":16,"column":21},"end":{"line":16,"column":34}},"4":{"start":{"line":18,"column":4},"end":{"line":45,"column":5}},"5":{"start":{"line":21,"column":31},"end":{"line":21,"column":47}},"6":{"start":{"line":33,"column":29},"end":{"line":33,"column":46}},"7":{"start":{"line":38,"column":20},"end":{"line":38,"column":50}},"8":{"start":{"line":39,"column":20},"end":{"line":39,"column":38}},"9":{"start":{"line":40,"column":20},"end":{"line":40,"column":34}}},"fnMap":{"0":{"name":"(anonymous_0)","decl":{"start":{"line":13,"column":38},"end":{"line":13,"column":39}},"loc":{"start":{"line":13,"column":56},"end":{"line":46,"column":1}},"line":13},"1":{"name":"(anonymous_1)","decl":{"start":{"line":21,"column":25},"end":{"line":21,"column":26}},"loc":{"start":{"line":21,"column":31},"end":{"line":21,"column":47}},"line":21},"2":{"name":"(anonymous_2)","decl":{"start":{"line":33,"column":23},"end":{"line":33,"column":24}},"loc":{"start":{"line":33,"column":29},"end":{"line":33,"column":46}},"line":33},"3":{"name":"(anonymous_3)","decl":{"start":{"line":37,"column":24},"end":{"line":37,"column":25}},"loc":{"start":{"line":37,"column":30},"end":{"line":41,"column":17}},"line":37}},"branchMap":{},"s":{"0":3,"1":1,"2":1,"3":1,"4":1,"5":0,"6":0,"7":0,"8":0,"9":0},"f":{"0":1,"1":0,"2":0,"3":0},"b":{},"_coverageSchema":"43e27e138ebf9cfc5966b082cf9a028302ed4184","hash":"84ed5f3c7c0b9fc91b4367ccf0f8f3aeee1b771d"}
,"/Users/mayckcoelho/Projects/scorerank/src/pages/Dashboard/ProtectionCard/index.tsx": {"path":"/Users/mayckcoelho/Projects/scorerank/src/pages/Dashboard/ProtectionCard/index.tsx","statementMap":{"0":{"start":{"line":13,"column":40},"end":{"line":46,"column":1}},"1":{"start":{"line":14,"column":34},"end":{"line":14,"column":49}},"2":{"start":{"line":15,"column":28},"end":{"line":15,"column":37}},"3":{"start":{"line":16,"column":21},"end":{"line":16,"column":34}},"4":{"start":{"line":18,"column":4},"end":{"line":45,"column":5}},"5":{"start":{"line":21,"column":31},"end":{"line":21,"column":47}},"6":{"start":{"line":33,"column":29},"end":{"line":33,"column":46}},"7":{"start":{"line":38,"column":20},"end":{"line":38,"column":52}},"8":{"start":{"line":39,"column":20},"end":{"line":39,"column":38}},"9":{"start":{"line":40,"column":20},"end":{"line":40,"column":34}}},"fnMap":{"0":{"name":"(anonymous_0)","decl":{"start":{"line":13,"column":40},"end":{"line":13,"column":41}},"loc":{"start":{"line":13,"column":60},"end":{"line":46,"column":1}},"line":13},"1":{"name":"(anonymous_1)","decl":{"start":{"line":21,"column":25},"end":{"line":21,"column":26}},"loc":{"start":{"line":21,"column":31},"end":{"line":21,"column":47}},"line":21},"2":{"name":"(anonymous_2)","decl":{"start":{"line":33,"column":23},"end":{"line":33,"column":24}},"loc":{"start":{"line":33,"column":29},"end":{"line":33,"column":46}},"line":33},"3":{"name":"(anonymous_3)","decl":{"start":{"line":37,"column":24},"end":{"line":37,"column":25}},"loc":{"start":{"line":37,"column":30},"end":{"line":41,"column":17}},"line":37}},"branchMap":{},"s":{"0":3,"1":1,"2":1,"3":1,"4":1,"5":0,"6":0,"7":0,"8":0,"9":0},"f":{"0":1,"1":0,"2":0,"3":0},"b":{},"_coverageSchema":"43e27e138ebf9cfc5966b082cf9a028302ed4184","hash":"d96e5fe60ecda6c640cf9a31fc71e873dcb7ef35"}
,"/Users/mayckcoelho/Projects/scorerank/src/pages/Dashboard/ScoreCard/index.tsx": {"path":"/Users/mayckcoelho/Projects/scorerank/src/pages/Dashboard/ScoreCard/index.tsx","statementMap":{"0":{"start":{"line":4,"column":0},"end":{"line":4,"column":16}},"1":{"start":{"line":20,"column":28},"end":{"line":59,"column":1}},"2":{"start":{"line":21,"column":42},"end":{"line":21,"column":56}},"3":{"start":{"line":22,"column":21},"end":{"line":22,"column":30}},"4":{"start":{"line":25,"column":4},"end":{"line":32,"column":5}},"5":{"start":{"line":26,"column":8},"end":{"line":31,"column":59}},"6":{"start":{"line":27,"column":12},"end":{"line":27,"column":58}},"7":{"start":{"line":27,"column":43},"end":{"line":27,"column":56}},"8":{"start":{"line":28,"column":13},"end":{"line":31,"column":59}},"9":{"start":{"line":29,"column":12},"end":{"line":29,"column":58}},"10":{"start":{"line":29,"column":43},"end":{"line":29,"column":56}},"11":{"start":{"line":31,"column":12},"end":{"line":31,"column":59}},"12":{"start":{"line":31,"column":43},"end":{"line":31,"column":57}},"13":{"start":{"line":34,"column":4},"end":{"line":58,"column":5}},"14":{"start":{"line":39,"column":36},"end":{"line":39,"column":64}}},"fnMap":{"0":{"name":"(anonymous_0)","decl":{"start":{"line":20,"column":28},"end":{"line":20,"column":29}},"loc":{"start":{"line":20,"column":34},"end":{"line":59,"column":1}},"line":20},"1":{"name":"(anonymous_1)","decl":{"start":{"line":27,"column":38},"end":{"line":27,"column":39}},"loc":{"start":{"line":27,"column":43},"end":{"line":27,"column":56}},"line":27},"2":{"name":"(anonymous_2)","decl":{"start":{"line":29,"column":38},"end":{"line":29,"column":39}},"loc":{"start":{"line":29,"column":43},"end":{"line":29,"column":56}},"line":29},"3":{"name":"(anonymous_3)","decl":{"start":{"line":31,"column":38},"end":{"line":31,"column":39}},"loc":{"start":{"line":31,"column":43},"end":{"line":31,"column":57}},"line":31},"4":{"name":"(anonymous_4)","decl":{"start":{"line":39,"column":30},"end":{"line":39,"column":31}},"loc":{"start":{"line":39,"column":36},"end":{"line":39,"column":64}},"line":39}},"branchMap":{"0":{"loc":{"start":{"line":25,"column":4},"end":{"line":32,"column":5}},"type":"if","locations":[{"start":{"line":25,"column":4},"end":{"line":32,"column":5}},{"start":{"line":25,"column":4},"end":{"line":32,"column":5}}],"line":25},"1":{"loc":{"start":{"line":26,"column":8},"end":{"line":31,"column":59}},"type":"if","locations":[{"start":{"line":26,"column":8},"end":{"line":31,"column":59}},{"start":{"line":26,"column":8},"end":{"line":31,"column":59}}],"line":26},"2":{"loc":{"start":{"line":28,"column":13},"end":{"line":31,"column":59}},"type":"if","locations":[{"start":{"line":28,"column":13},"end":{"line":31,"column":59}},{"start":{"line":28,"column":13},"end":{"line":31,"column":59}}],"line":28},"3":{"loc":{"start":{"line":41,"column":28},"end":{"line":41,"column":71}},"type":"cond-expr","locations":[{"start":{"line":41,"column":42},"end":{"line":41,"column":56}},{"start":{"line":41,"column":59},"end":{"line":41,"column":71}}],"line":41}},"s":{"0":3,"1":3,"2":1,"3":1,"4":1,"5":0,"6":0,"7":0,"8":0,"9":0,"10":0,"11":0,"12":0,"13":1,"14":0},"f":{"0":1,"1":0,"2":0,"3":0,"4":0},"b":{"0":[0,1],"1":[0,0],"2":[0,0],"3":[1,0]},"_coverageSchema":"43e27e138ebf9cfc5966b082cf9a028302ed4184","hash":"23a80f57ea7704ffe7ec35ee7ab9d9a191cf26a3"}
,"/Users/mayckcoelho/Projects/scorerank/src/pages/Dashboard/ScoreCard/styles.ts": {"path":"/Users/mayckcoelho/Projects/scorerank/src/pages/Dashboard/ScoreCard/styles.ts","statementMap":{"0":{"start":{"line":5,"column":25},"end":{"line":11,"column":1}},"1":{"start":{"line":13,"column":32},"end":{"line":17,"column":1}},"2":{"start":{"line":18,"column":25},"end":{"line":23,"column":1}},"3":{"start":{"line":25,"column":23},"end":{"line":29,"column":1}},"4":{"start":{"line":31,"column":27},"end":{"line":37,"column":1}},"5":{"start":{"line":39,"column":33},"end":{"line":43,"column":1}},"6":{"start":{"line":45,"column":33},"end":{"line":48,"column":1}},"7":{"start":{"line":50,"column":24},"end":{"line":53,"column":1}}},"fnMap":{},"branchMap":{},"s":{"0":3,"1":3,"2":3,"3":3,"4":3,"5":3,"6":3,"7":3},"f":{},"b":{},"_coverageSchema":"43e27e138ebf9cfc5966b082cf9a028302ed4184","hash":"ef11f35591375c80564cd96ad638afe350e124c9"}
,"/Users/mayckcoelho/Projects/scorerank/src/pages/DebtList/index.tsx": {"path":"/Users/mayckcoelho/Projects/scorerank/src/pages/DebtList/index.tsx","statementMap":{"0":{"start":{"line":10,"column":0},"end":{"line":10,"column":16}},"1":{"start":{"line":27,"column":27},"end":{"line":75,"column":1}},"2":{"start":{"line":28,"column":44},"end":{"line":28,"column":72}},"3":{"start":{"line":29,"column":34},"end":{"line":29,"column":49}},"4":{"start":{"line":30,"column":34},"end":{"line":30,"column":43}},"5":{"start":{"line":32,"column":21},"end":{"line":32,"column":34}},"6":{"start":{"line":33,"column":27},"end":{"line":33,"column":72}},"7":{"start":{"line":33,"column":55},"end":{"line":33,"column":71}},"8":{"start":{"line":35,"column":47},"end":{"line":46,"column":5}},"9":{"start":{"line":36,"column":8},"end":{"line":45,"column":19}},"10":{"start":{"line":36,"column":35},"end":{"line":36,"column":52}},"11":{"start":{"line":36,"column":53},"end":{"line":36,"column":75}},"12":{"start":{"line":48,"column":4},"end":{"line":74,"column":5}},"13":{"start":{"line":54,"column":42},"end":{"line":54,"column":49}},"14":{"start":{"line":55,"column":40},"end":{"line":55,"column":91}},"15":{"start":{"line":56,"column":50},"end":{"line":56,"column":63}},"16":{"start":{"line":62,"column":31},"end":{"line":62,"column":49}},"17":{"start":{"line":62,"column":50},"end":{"line":62,"column":72}},"18":{"start":{"line":67,"column":20},"end":{"line":67,"column":52}},"19":{"start":{"line":68,"column":20},"end":{"line":68,"column":38}},"20":{"start":{"line":69,"column":20},"end":{"line":69,"column":34}}},"fnMap":{"0":{"name":"(anonymous_0)","decl":{"start":{"line":27,"column":27},"end":{"line":27,"column":28}},"loc":{"start":{"line":27,"column":33},"end":{"line":75,"column":1}},"line":27},"1":{"name":"(anonymous_1)","decl":{"start":{"line":33,"column":39},"end":{"line":33,"column":40}},"loc":{"start":{"line":33,"column":55},"end":{"line":33,"column":71}},"line":33},"2":{"name":"(anonymous_2)","decl":{"start":{"line":35,"column":47},"end":{"line":35,"column":48}},"loc":{"start":{"line":36,"column":8},"end":{"line":45,"column":19}},"line":36},"3":{"name":"(anonymous_3)","decl":{"start":{"line":36,"column":27},"end":{"line":36,"column":28}},"loc":{"start":{"line":36,"column":33},"end":{"line":36,"column":77}},"line":36},"4":{"name":"(anonymous_4)","decl":{"start":{"line":54,"column":34},"end":{"line":54,"column":35}},"loc":{"start":{"line":54,"column":42},"end":{"line":54,"column":49}},"line":54},"5":{"name":"(anonymous_5)","decl":{"start":{"line":55,"column":34},"end":{"line":55,"column":35}},"loc":{"start":{"line":55,"column":40},"end":{"line":55,"column":91}},"line":55},"6":{"name":"(anonymous_6)","decl":{"start":{"line":56,"column":44},"end":{"line":56,"column":45}},"loc":{"start":{"line":56,"column":50},"end":{"line":56,"column":63}},"line":56},"7":{"name":"(anonymous_7)","decl":{"start":{"line":62,"column":23},"end":{"line":62,"column":24}},"loc":{"start":{"line":62,"column":29},"end":{"line":62,"column":74}},"line":62},"8":{"name":"(anonymous_8)","decl":{"start":{"line":66,"column":24},"end":{"line":66,"column":25}},"loc":{"start":{"line":66,"column":30},"end":{"line":70,"column":17}},"line":66}},"branchMap":{},"s":{"0":2,"1":2,"2":0,"3":0,"4":0,"5":0,"6":0,"7":0,"8":0,"9":0,"10":0,"11":0,"12":0,"13":0,"14":0,"15":0,"16":0,"17":0,"18":0,"19":0,"20":0},"f":{"0":0,"1":0,"2":0,"3":0,"4":0,"5":0,"6":0,"7":0,"8":0},"b":{},"_coverageSchema":"43e27e138ebf9cfc5966b082cf9a028302ed4184","hash":"fe3660c975bc12f78c7eaefab137ca3f8854237f"}
,"/Users/mayckcoelho/Projects/scorerank/src/pages/DebtList/styles.ts": {"path":"/Users/mayckcoelho/Projects/scorerank/src/pages/DebtList/styles.ts","statementMap":{"0":{"start":{"line":4,"column":25},"end":{"line":8,"column":1}},"1":{"start":{"line":10,"column":26},"end":{"line":14,"column":1}},"2":{"start":{"line":16,"column":24},"end":{"line":22,"column":1}},"3":{"start":{"line":24,"column":23},"end":{"line":27,"column":1}},"4":{"start":{"line":29,"column":29},"end":{"line":32,"column":1}},"5":{"start":{"line":34,"column":23},"end":{"line":39,"column":1}},"6":{"start":{"line":41,"column":27},"end":{"line":46,"column":1}},"7":{"start":{"line":48,"column":28},"end":{"line":51,"column":1}},"8":{"start":{"line":53,"column":25},"end":{"line":57,"column":1}},"9":{"start":{"line":59,"column":25},"end":{"line":67,"column":1}}},"fnMap":{},"branchMap":{},"s":{"0":2,"1":2,"2":2,"3":2,"4":2,"5":2,"6":2,"7":2,"8":2,"9":2},"f":{},"b":{},"_coverageSchema":"43e27e138ebf9cfc5966b082cf9a028302ed4184","hash":"6581b4fbe3681d3f4c9fda282a75993d97322155"}
,"/Users/mayckcoelho/Projects/scorerank/src/pages/Register/index.tsx": {"path":"/Users/mayckcoelho/Projects/scorerank/src/pages/Register/index.tsx","statementMap":{"0":{"start":{"line":22,"column":32},"end":{"line":41,"column":1}},"1":{"start":{"line":24,"column":4},"end":{"line":40,"column":5}},"2":{"start":{"line":32,"column":53},"end":{"line":32,"column":72}}},"fnMap":{"0":{"name":"(anonymous_0)","decl":{"start":{"line":22,"column":32},"end":{"line":22,"column":33}},"loc":{"start":{"line":22,"column":52},"end":{"line":41,"column":1}},"line":22},"1":{"name":"(anonymous_1)","decl":{"start":{"line":32,"column":47},"end":{"line":32,"column":48}},"loc":{"start":{"line":32,"column":53},"end":{"line":32,"column":72}},"line":32}},"branchMap":{"0":{"loc":{"start":{"line":25,"column":36},"end":{"line":25,"column":81}},"type":"cond-expr","locations":[{"start":{"line":25,"column":60},"end":{"line":25,"column":69}},{"start":{"line":25,"column":72},"end":{"line":25,"column":81}}],"line":25}},"s":{"0":2,"1":1,"2":0},"f":{"0":1,"1":0},"b":{"0":[1,0]},"_coverageSchema":"43e27e138ebf9cfc5966b082cf9a028302ed4184","hash":"ceeb3d2ef583ee1d3939b0e48deccfb86f19856a"}
,"/Users/mayckcoelho/Projects/scorerank/src/pages/Register/styles.ts": {"path":"/Users/mayckcoelho/Projects/scorerank/src/pages/Register/styles.ts","statementMap":{"0":{"start":{"line":3,"column":25},"end":{"line":8,"column":1}},"1":{"start":{"line":10,"column":32},"end":{"line":16,"column":1}},"2":{"start":{"line":18,"column":21},"end":{"line":24,"column":1}},"3":{"start":{"line":26,"column":28},"end":{"line":30,"column":1}},"4":{"start":{"line":32,"column":28},"end":{"line":35,"column":1}}},"fnMap":{},"branchMap":{},"s":{"0":2,"1":2,"2":2,"3":2,"4":2},"f":{},"b":{},"_coverageSchema":"43e27e138ebf9cfc5966b082cf9a028302ed4184","hash":"2002b9ce2bbf10901b7f1d17a6c966745c78c6b9"}
,"/Users/mayckcoelho/Projects/scorerank/src/pages/Register/RegisterForm/index.tsx": {"path":"/Users/mayckcoelho/Projects/scorerank/src/pages/Register/RegisterForm/index.tsx","statementMap":{"0":{"start":{"line":14,"column":31},"end":{"line":79,"column":1}},"1":{"start":{"line":15,"column":25},"end":{"line":15,"column":34}},"2":{"start":{"line":16,"column":20},"end":{"line":16,"column":45}},"3":{"start":{"line":18,"column":58},"end":{"line":44,"column":5}},"4":{"start":{"line":19,"column":8},"end":{"line":43,"column":9}},"5":{"start":{"line":20,"column":27},"end":{"line":27,"column":14}},"6":{"start":{"line":25,"column":20},"end":{"line":25,"column":58}},"7":{"start":{"line":29,"column":12},"end":{"line":31,"column":15}},"8":{"start":{"line":33,"column":12},"end":{"line":33,"column":27}},"9":{"start":{"line":36,"column":37},"end":{"line":36,"column":54}},"10":{"start":{"line":37,"column":12},"end":{"line":42,"column":13}},"11":{"start":{"line":38,"column":16},"end":{"line":40,"column":19}},"12":{"start":{"line":39,"column":20},"end":{"line":39,"column":65}},"13":{"start":{"line":41,"column":16},"end":{"line":41,"column":61}},"14":{"start":{"line":46,"column":4},"end":{"line":78,"column":5}},"15":{"start":{"line":51,"column":39},"end":{"line":51,"column":76}},"16":{"start":{"line":52,"column":20},"end":{"line":52,"column":39}},"17":{"start":{"line":60,"column":42},"end":{"line":60,"column":82}},"18":{"start":{"line":61,"column":20},"end":{"line":61,"column":42}},"19":{"start":{"line":69,"column":41},"end":{"line":69,"column":89}},"20":{"start":{"line":70,"column":20},"end":{"line":70,"column":41}},"21":{"start":{"line":76,"column":68},"end":{"line":76,"column":97}}},"fnMap":{"0":{"name":"(anonymous_0)","decl":{"start":{"line":14,"column":31},"end":{"line":14,"column":32}},"loc":{"start":{"line":14,"column":37},"end":{"line":79,"column":1}},"line":14},"1":{"name":"(anonymous_1)","decl":{"start":{"line":18,"column":58},"end":{"line":18,"column":59}},"loc":{"start":{"line":18,"column":74},"end":{"line":44,"column":5}},"line":18},"2":{"name":"(anonymous_2)","decl":{"start":{"line":24,"column":96},"end":{"line":24,"column":97}},"loc":{"start":{"line":24,"column":113},"end":{"line":26,"column":17}},"line":24},"3":{"name":"(anonymous_3)","decl":{"start":{"line":38,"column":34},"end":{"line":38,"column":35}},"loc":{"start":{"line":38,"column":43},"end":{"line":40,"column":17}},"line":38},"4":{"name":"(anonymous_4)","decl":{"start":{"line":50,"column":33},"end":{"line":50,"column":34}},"loc":{"start":{"line":50,"column":39},"end":{"line":53,"column":17}},"line":50},"5":{"name":"(anonymous_5)","decl":{"start":{"line":59,"column":33},"end":{"line":59,"column":34}},"loc":{"start":{"line":59,"column":39},"end":{"line":62,"column":17}},"line":59},"6":{"name":"(anonymous_6)","decl":{"start":{"line":68,"column":33},"end":{"line":68,"column":34}},"loc":{"start":{"line":68,"column":39},"end":{"line":71,"column":17}},"line":68},"7":{"name":"(anonymous_7)","decl":{"start":{"line":76,"column":62},"end":{"line":76,"column":63}},"loc":{"start":{"line":76,"column":68},"end":{"line":76,"column":97}},"line":76}},"branchMap":{"0":{"loc":{"start":{"line":37,"column":12},"end":{"line":42,"column":13}},"type":"if","locations":[{"start":{"line":37,"column":12},"end":{"line":42,"column":13}},{"start":{"line":37,"column":12},"end":{"line":42,"column":13}}],"line":37}},"s":{"0":3,"1":2,"2":2,"3":2,"4":0,"5":0,"6":0,"7":0,"8":0,"9":0,"10":0,"11":0,"12":0,"13":0,"14":2,"15":0,"16":0,"17":0,"18":0,"19":0,"20":0,"21":0},"f":{"0":2,"1":0,"2":0,"3":0,"4":0,"5":0,"6":0,"7":0},"b":{"0":[0,0]},"_coverageSchema":"43e27e138ebf9cfc5966b082cf9a028302ed4184","hash":"8a5e9294dbab4753577c3405779bf49d0a5d17a9"}
,"/Users/mayckcoelho/Projects/scorerank/src/pages/SignIn/index.tsx": {"path":"/Users/mayckcoelho/Projects/scorerank/src/pages/SignIn/index.tsx","statementMap":{"0":{"start":{"line":24,"column":32},"end":{"line":45,"column":1}},"1":{"start":{"line":26,"column":4},"end":{"line":44,"column":5}},"2":{"start":{"line":34,"column":53},"end":{"line":34,"column":84}}},"fnMap":{"0":{"name":"(anonymous_0)","decl":{"start":{"line":24,"column":32},"end":{"line":24,"column":33}},"loc":{"start":{"line":24,"column":52},"end":{"line":45,"column":1}},"line":24},"1":{"name":"(anonymous_1)","decl":{"start":{"line":34,"column":47},"end":{"line":34,"column":48}},"loc":{"start":{"line":34,"column":53},"end":{"line":34,"column":84}},"line":34}},"branchMap":{"0":{"loc":{"start":{"line":27,"column":36},"end":{"line":27,"column":81}},"type":"cond-expr","locations":[{"start":{"line":27,"column":60},"end":{"line":27,"column":69}},{"start":{"line":27,"column":72},"end":{"line":27,"column":81}}],"line":27}},"s":{"0":2,"1":1,"2":0},"f":{"0":1,"1":0},"b":{"0":[1,0]},"_coverageSchema":"43e27e138ebf9cfc5966b082cf9a028302ed4184","hash":"2239dff2d612ebe7b7087e7a8927b75d265d2c89"}
,"/Users/mayckcoelho/Projects/scorerank/src/pages/SignIn/styles.ts": {"path":"/Users/mayckcoelho/Projects/scorerank/src/pages/SignIn/styles.ts","statementMap":{"0":{"start":{"line":3,"column":25},"end":{"line":8,"column":1}},"1":{"start":{"line":10,"column":32},"end":{"line":16,"column":1}},"2":{"start":{"line":18,"column":21},"end":{"line":24,"column":1}},"3":{"start":{"line":26,"column":28},"end":{"line":30,"column":1}},"4":{"start":{"line":32,"column":28},"end":{"line":35,"column":1}}},"fnMap":{},"branchMap":{},"s":{"0":2,"1":2,"2":2,"3":2,"4":2},"f":{},"b":{},"_coverageSchema":"43e27e138ebf9cfc5966b082cf9a028302ed4184","hash":"423afd5369a9f318d9d833fbe5692f06d6c09d11"}
,"/Users/mayckcoelho/Projects/scorerank/src/pages/SignIn/SignInForm/index.tsx": {"path":"/Users/mayckcoelho/Projects/scorerank/src/pages/SignIn/SignInForm/index.tsx","statementMap":{"0":{"start":{"line":18,"column":29},"end":{"line":63,"column":1}},"1":{"start":{"line":19,"column":23},"end":{"line":19,"column":32}},"2":{"start":{"line":20,"column":20},"end":{"line":20,"column":45}},"3":{"start":{"line":22,"column":56},"end":{"line":43,"column":5}},"4":{"start":{"line":23,"column":8},"end":{"line":42,"column":9}},"5":{"start":{"line":24,"column":27},"end":{"line":27,"column":14}},"6":{"start":{"line":29,"column":12},"end":{"line":31,"column":15}},"7":{"start":{"line":33,"column":12},"end":{"line":33,"column":25}},"8":{"start":{"line":35,"column":37},"end":{"line":35,"column":54}},"9":{"start":{"line":36,"column":12},"end":{"line":41,"column":13}},"10":{"start":{"line":37,"column":16},"end":{"line":39,"column":19}},"11":{"start":{"line":38,"column":20},"end":{"line":38,"column":65}},"12":{"start":{"line":40,"column":16},"end":{"line":40,"column":61}},"13":{"start":{"line":45,"column":4},"end":{"line":62,"column":5}},"14":{"start":{"line":50,"column":42},"end":{"line":50,"column":82}},"15":{"start":{"line":51,"column":20},"end":{"line":51,"column":42}},"16":{"start":{"line":60,"column":68},"end":{"line":60,"column":97}}},"fnMap":{"0":{"name":"(anonymous_0)","decl":{"start":{"line":18,"column":29},"end":{"line":18,"column":30}},"loc":{"start":{"line":18,"column":35},"end":{"line":63,"column":1}},"line":18},"1":{"name":"(anonymous_1)","decl":{"start":{"line":22,"column":56},"end":{"line":22,"column":57}},"loc":{"start":{"line":22,"column":72},"end":{"line":43,"column":5}},"line":22},"2":{"name":"(anonymous_2)","decl":{"start":{"line":37,"column":34},"end":{"line":37,"column":35}},"loc":{"start":{"line":37,"column":43},"end":{"line":39,"column":17}},"line":37},"3":{"name":"(anonymous_3)","decl":{"start":{"line":49,"column":33},"end":{"line":49,"column":34}},"loc":{"start":{"line":49,"column":39},"end":{"line":52,"column":17}},"line":49},"4":{"name":"(anonymous_4)","decl":{"start":{"line":60,"column":62},"end":{"line":60,"column":63}},"loc":{"start":{"line":60,"column":68},"end":{"line":60,"column":97}},"line":60}},"branchMap":{"0":{"loc":{"start":{"line":36,"column":12},"end":{"line":41,"column":13}},"type":"if","locations":[{"start":{"line":36,"column":12},"end":{"line":41,"column":13}},{"start":{"line":36,"column":12},"end":{"line":41,"column":13}}],"line":36}},"s":{"0":3,"1":2,"2":2,"3":2,"4":0,"5":0,"6":0,"7":0,"8":0,"9":0,"10":0,"11":0,"12":0,"13":2,"14":0,"15":0,"16":0},"f":{"0":2,"1":0,"2":0,"3":0,"4":0},"b":{"0":[0,0]},"_coverageSchema":"43e27e138ebf9cfc5966b082cf9a028302ed4184","hash":"31572296f221b43bfe8f295fcb3947f9c6bfe6d7"}
,"/Users/mayckcoelho/Projects/scorerank/src/pages/SignIn/SignInForm/styles.ts": {"path":"/Users/mayckcoelho/Projects/scorerank/src/pages/SignIn/SignInForm/styles.ts","statementMap":{"0":{"start":{"line":3,"column":30},"end":{"line":5,"column":1}},"1":{"start":{"line":7,"column":34},"end":{"line":9,"column":1}}},"fnMap":{},"branchMap":{},"s":{"0":3,"1":3},"f":{},"b":{},"_coverageSchema":"43e27e138ebf9cfc5966b082cf9a028302ed4184","hash":"a6d2aa9b32c40e287237863ae1827807f42e5d8d"}
,"/Users/mayckcoelho/Projects/scorerank/src/routes/app.routes.tsx": {"path":"/Users/mayckcoelho/Projects/scorerank/src/routes/app.routes.tsx","statementMap":{"0":{"start":{"line":4,"column":0},"end":{"line":4,"column":16}},"1":{"start":{"line":11,"column":17},"end":{"line":11,"column":39}},"2":{"start":{"line":13,"column":28},"end":{"line":30,"column":1}},"3":{"start":{"line":14,"column":24},"end":{"line":14,"column":33}},"4":{"start":{"line":16,"column":4},"end":{"line":29,"column":6}},"5":{"start":{"line":21,"column":24},"end":{"line":23,"column":43}}},"fnMap":{"0":{"name":"(anonymous_0)","decl":{"start":{"line":13,"column":28},"end":{"line":13,"column":29}},"loc":{"start":{"line":13,"column":34},"end":{"line":30,"column":1}},"line":13},"1":{"name":"(anonymous_1)","decl":{"start":{"line":20,"column":33},"end":{"line":20,"column":34}},"loc":{"start":{"line":21,"column":24},"end":{"line":23,"column":43}},"line":21}},"branchMap":{},"s":{"0":1,"1":1,"2":1,"3":0,"4":0,"5":0},"f":{"0":0,"1":0},"b":{},"_coverageSchema":"43e27e138ebf9cfc5966b082cf9a028302ed4184","hash":"3afb856b11cfcb93bd05ba076b35684ea3ee9184"}
,"/Users/mayckcoelho/Projects/scorerank/src/routes/auth.routes.tsx": {"path":"/Users/mayckcoelho/Projects/scorerank/src/routes/auth.routes.tsx","statementMap":{"0":{"start":{"line":7,"column":18},"end":{"line":7,"column":40}},"1":{"start":{"line":9,"column":29},"end":{"line":14,"column":1}},"2":{"start":{"line":10,"column":4},"end":{"line":13,"column":26}}},"fnMap":{"0":{"name":"(anonymous_0)","decl":{"start":{"line":9,"column":29},"end":{"line":9,"column":30}},"loc":{"start":{"line":10,"column":4},"end":{"line":13,"column":26}},"line":10}},"branchMap":{},"s":{"0":1,"1":1,"2":0},"f":{"0":0},"b":{},"_coverageSchema":"43e27e138ebf9cfc5966b082cf9a028302ed4184","hash":"b96a7d03a41c5509911d03ac53a82e60e405bcc3"}
,"/Users/mayckcoelho/Projects/scorerank/src/routes/index.tsx": {"path":"/Users/mayckcoelho/Projects/scorerank/src/routes/index.tsx","statementMap":{"0":{"start":{"line":9,"column":25},"end":{"line":21,"column":1}},"1":{"start":{"line":10,"column":32},"end":{"line":10,"column":41}},"2":{"start":{"line":12,"column":4},"end":{"line":18,"column":5}},"3":{"start":{"line":13,"column":8},"end":{"line":17,"column":9}},"4":{"start":{"line":20,"column":4},"end":{"line":20,"column":51}}},"fnMap":{"0":{"name":"(anonymous_0)","decl":{"start":{"line":9,"column":25},"end":{"line":9,"column":26}},"loc":{"start":{"line":9,"column":31},"end":{"line":21,"column":1}},"line":9}},"branchMap":{"0":{"loc":{"start":{"line":12,"column":4},"end":{"line":18,"column":5}},"type":"if","locations":[{"start":{"line":12,"column":4},"end":{"line":18,"column":5}},{"start":{"line":12,"column":4},"end":{"line":18,"column":5}}],"line":12},"1":{"loc":{"start":{"line":20,"column":11},"end":{"line":20,"column":50}},"type":"cond-expr","locations":[{"start":{"line":20,"column":20},"end":{"line":20,"column":33}},{"start":{"line":20,"column":36},"end":{"line":20,"column":50}}],"line":20}},"s":{"0":1,"1":0,"2":0,"3":0,"4":0},"f":{"0":0},"b":{"0":[0,0],"1":[0,0]},"_coverageSchema":"43e27e138ebf9cfc5966b082cf9a028302ed4184","hash":"1e0d006a599c99401a70c27d6b19fbf1c2cc015a"}
,"/Users/mayckcoelho/Projects/scorerank/src/services/api.ts": {"path":"/Users/mayckcoelho/Projects/scorerank/src/services/api.ts","statementMap":{"0":{"start":{"line":3,"column":12},"end":{"line":5,"column":2}}},"fnMap":{},"branchMap":{},"s":{"0":14},"f":{},"b":{},"_coverageSchema":"43e27e138ebf9cfc5966b082cf9a028302ed4184","hash":"2f00a37eefcc28a16b3711a5162145726975c45f"}
,"/Users/mayckcoelho/Projects/scorerank/src/services/auth.ts": {"path":"/Users/mayckcoelho/Projects/scorerank/src/services/auth.ts","statementMap":{"0":{"start":{"line":7,"column":4},"end":{"line":7,"column":41}},"1":{"start":{"line":11,"column":4},"end":{"line":11,"column":44}}},"fnMap":{"0":{"name":"signIn","decl":{"start":{"line":6,"column":22},"end":{"line":6,"column":28}},"loc":{"start":{"line":6,"column":77},"end":{"line":8,"column":1}},"line":6},"1":{"name":"register","decl":{"start":{"line":10,"column":22},"end":{"line":10,"column":30}},"loc":{"start":{"line":10,"column":81},"end":{"line":12,"column":1}},"line":10}},"branchMap":{},"s":{"0":0,"1":0},"f":{"0":0,"1":0},"b":{},"_coverageSchema":"43e27e138ebf9cfc5966b082cf9a028302ed4184","hash":"9501d784e209d5f79f0851648c160c752ed7cbd0"}
}
