TN:
SF:/Users/mayckcoelho/Projects/scorerank/src/App.tsx
FN:16,(anonymous_0)
FNF:1
FNH:1
FNDA:1,(anonymous_0)
DA:14,1
DA:16,1
DA:17,1
LF:3
LH:3
BRF:0
BRH:0
end_of_record
TN:
SF:/Users/mayckcoelho/Projects/scorerank/src/reducers.ts
FNF:0
FNH:0
DA:7,1
LF:1
LH:1
BRF:0
BRH:0
end_of_record
TN:
SF:/Users/mayckcoelho/Projects/scorerank/src/assets/logo.png
FNF:0
FNH:0
DA:1,2
LF:1
LH:1
BRF:0
BRH:0
end_of_record
TN:
SF:/Users/mayckcoelho/Projects/scorerank/src/components/AvatarSkeleton/index.tsx
FN:4,(anonymous_0)
FNF:1
FNH:0
FNDA:0,(anonymous_0)
DA:4,2
DA:5,0
LF:2
LH:1
BRF:0
BRH:0
end_of_record
TN:
SF:/Users/mayckcoelho/Projects/scorerank/src/components/Buttom/index.tsx
FN:15,(anonymous_0)
FNF:1
FNH:1
FNDA:5,(anonymous_0)
DA:6,6
DA:15,6
DA:16,5
LF:3
LH:3
BRF:0
BRH:0
end_of_record
TN:
SF:/Users/mayckcoelho/Projects/scorerank/src/components/Buttom/styles.ts
FNF:0
FNH:0
DA:3,6
DA:14,6
LF:2
LH:2
BRF:0
BRH:0
end_of_record
TN:
SF:/Users/mayckcoelho/Projects/scorerank/src/components/Card/index.tsx
FN:9,(anonymous_0)
FNF:1
FNH:1
FNDA:5,(anonymous_0)
DA:9,7
DA:10,5
LF:2
LH:2
BRDA:10,0,0,5
BRDA:10,0,1,4
BRF:2
BRH:2
end_of_record
TN:
SF:/Users/mayckcoelho/Projects/scorerank/src/components/Card/styles.ts
FNF:0
FNH:0
DA:3,7
LF:1
LH:1
BRF:0
BRH:0
end_of_record
TN:
SF:/Users/mayckcoelho/Projects/scorerank/src/components/CardDetail/index.tsx
FN:34,(anonymous_0)
FNF:1
FNH:1
FNDA:3,(anonymous_0)
DA:6,5
DA:34,5
DA:36,3
LF:3
LH:3
BRDA:47,0,0,0
BRDA:47,0,1,3
BRF:2
BRH:1
end_of_record
TN:
SF:/Users/mayckcoelho/Projects/scorerank/src/components/CardDetail/styles.ts
FNF:0
FNH:0
DA:3,5
DA:8,5
DA:13,5
DA:20,5
DA:25,5
DA:33,5
DA:40,5
DA:47,5
DA:54,5
LF:9
LH:9
BRF:0
BRH:0
end_of_record
TN:
SF:/Users/mayckcoelho/Projects/scorerank/src/components/FacebookButtom/index.tsx
FN:7,(anonymous_0)
FNF:1
FNH:1
FNDA:2,(anonymous_0)
DA:5,3
DA:7,3
DA:8,2
LF:3
LH:3
BRF:0
BRH:0
end_of_record
TN:
SF:/Users/mayckcoelho/Projects/scorerank/src/components/FacebookButtom/styles.ts
FNF:0
FNH:0
DA:3,3
DA:15,3
LF:2
LH:2
BRF:0
BRH:0
end_of_record
TN:
SF:/Users/mayckcoelho/Projects/scorerank/src/components/GoogleButtom/index.tsx
FN:7,(anonymous_0)
FNF:1
FNH:1
FNDA:2,(anonymous_0)
DA:5,3
DA:7,3
DA:8,2
LF:3
LH:3
BRF:0
BRH:0
end_of_record
TN:
SF:/Users/mayckcoelho/Projects/scorerank/src/components/GoogleButtom/styles.ts
FNF:0
FNH:0
DA:3,3
DA:15,3
LF:2
LH:2
BRF:0
BRH:0
end_of_record
TN:
SF:/Users/mayckcoelho/Projects/scorerank/src/components/Input/index.tsx
FN:19,(anonymous_0)
FN:23,(anonymous_1)
FN:27,(anonymous_2)
FN:32,(anonymous_3)
FN:36,(anonymous_4)
FN:51,(anonymous_5)
FNF:6
FNH:1
FNDA:12,(anonymous_0)
FNDA:0,(anonymous_1)
FNDA:0,(anonymous_2)
FNDA:0,(anonymous_3)
FNDA:0,(anonymous_4)
FNDA:0,(anonymous_5)
DA:8,5
DA:19,5
DA:20,12
DA:21,12
DA:23,12
DA:24,0
DA:27,12
DA:28,0
DA:33,0
DA:34,0
DA:37,0
DA:38,0
DA:42,12
DA:52,0
LF:14
LH:7
BRDA:45,0,0,12
BRDA:45,0,1,12
BRDA:57,1,0,12
BRDA:57,1,1,0
BRF:4
BRH:3
end_of_record
TN:
SF:/Users/mayckcoelho/Projects/scorerank/src/components/Input/styles.ts
FNF:0
FNH:0
DA:3,5
DA:10,5
DA:19,5
LF:3
LH:3
BRF:0
BRH:0
end_of_record
TN:
SF:/Users/mayckcoelho/Projects/scorerank/src/components/Modal/index.tsx
FN:28,(anonymous_0)
FNF:1
FNH:1
FNDA:3,(anonymous_0)
DA:28,6
DA:29,3
LF:2
LH:2
BRF:0
BRH:0
end_of_record
TN:
SF:/Users/mayckcoelho/Projects/scorerank/src/components/Modal/styles.ts
FNF:0
FNH:0
DA:3,6
DA:16,6
DA:25,6
DA:34,6
DA:38,6
DA:44,6
DA:51,6
DA:57,6
DA:67,6
LF:9
LH:9
BRF:0
BRH:0
end_of_record
TN:
SF:/Users/mayckcoelho/Projects/scorerank/src/components/ModalDetail/index.tsx
FN:16,(anonymous_0)
FNF:1
FNH:1
FNDA:4,(anonymous_0)
DA:16,7
DA:17,4
LF:2
LH:2
BRF:0
BRH:0
end_of_record
TN:
SF:/Users/mayckcoelho/Projects/scorerank/src/components/ModalDetail/styles.ts
FNF:0
FNH:0
DA:3,7
DA:16,7
DA:25,7
DA:34,7
LF:4
LH:4
BRF:0
BRH:0
end_of_record
TN:
SF:/Users/mayckcoelho/Projects/scorerank/src/contexts/auth.tsx
FN:15,(anonymous_0)
FN:19,(anonymous_1)
FN:20,loadStorageData
FN:34,(anonymous_3)
FN:35,(anonymous_4)
FN:43,(anonymous_5)
FN:44,(anonymous_6)
FN:52,(anonymous_7)
FN:70,(anonymous_8)
FN:71,(anonymous_9)
FN:76,(anonymous_10)
FN:97,useAuth
FNF:12
FNH:2
FNDA:1,(anonymous_0)
FNDA:0,(anonymous_1)
FNDA:0,loadStorageData
FNDA:0,(anonymous_3)
FNDA:0,(anonymous_4)
FNDA:0,(anonymous_5)
FNDA:0,(anonymous_6)
FNDA:0,(anonymous_7)
FNDA:0,(anonymous_8)
FNDA:0,(anonymous_9)
FNDA:0,(anonymous_10)
FNDA:7,useAuth
DA:13,11
DA:15,11
DA:16,1
DA:17,1
DA:19,1
DA:21,0
DA:23,0
DA:24,0
DA:26,0
DA:27,0
DA:31,0
DA:34,1
DA:35,0
DA:36,0
DA:39,0
DA:40,0
DA:43,1
DA:44,0
DA:45,0
DA:48,0
DA:49,0
DA:52,1
DA:53,0
DA:54,0
DA:59,0
DA:61,0
DA:63,0
DA:64,0
DA:66,0
DA:67,0
DA:70,1
DA:71,0
DA:72,0
DA:76,1
DA:77,0
DA:78,0
DA:80,0
DA:84,0
DA:86,0
DA:90,1
DA:98,7
DA:100,7
LF:42
LH:13
BRDA:23,0,0,0
BRDA:23,0,1,0
BRDA:23,1,0,0
BRDA:23,1,1,0
BRDA:39,2,0,0
BRDA:39,2,1,0
BRDA:48,3,0,0
BRDA:48,3,1,0
BRDA:77,4,0,0
BRDA:77,4,1,0
BRF:10
BRH:0
end_of_record
TN:
SF:/Users/mayckcoelho/Projects/scorerank/src/ducks/debts.ts
FN:20,reducer
FN:25,(anonymous_1)
FN:33,load
FN:34,(anonymous_3)
FN:54,pay
FN:55,(anonymous_5)
FNF:6
FNH:1
FNDA:4,reducer
FNDA:0,(anonymous_1)
FNDA:0,load
FNDA:0,(anonymous_3)
FNDA:0,pay
FNDA:0,(anonymous_5)
DA:5,4
DA:16,4
DA:21,4
DA:23,1
DA:25,0
DA:26,0
DA:28,3
DA:34,0
DA:36,0
DA:37,0
DA:39,0
DA:40,0
DA:46,0
DA:55,0
DA:57,0
DA:59,0
DA:60,0
LF:17
LH:5
BRDA:20,0,0,3
BRDA:21,1,0,1
BRDA:21,1,1,0
BRDA:21,1,2,3
BRDA:36,2,0,0
BRDA:36,2,1,0
BRDA:36,3,0,0
BRDA:36,3,1,0
BRDA:36,3,2,0
BRDA:36,3,3,0
BRDA:36,3,4,0
BRDA:39,4,0,0
BRDA:39,4,1,0
BRDA:59,5,0,0
BRDA:59,5,1,0
BRF:15
BRH:3
end_of_record
TN:
SF:/Users/mayckcoelho/Projects/scorerank/src/ducks/proposals.ts
FN:20,reducer
FN:25,(anonymous_1)
FN:33,load
FN:34,(anonymous_3)
FN:53,accept
FN:54,(anonymous_5)
FNF:6
FNH:2
FNDA:5,reducer
FNDA:2,(anonymous_1)
FNDA:0,load
FNDA:0,(anonymous_3)
FNDA:0,accept
FNDA:0,(anonymous_5)
DA:5,4
DA:16,4
DA:21,5
DA:23,1
DA:25,2
DA:26,1
DA:28,3
DA:34,0
DA:35,0
DA:36,0
DA:38,0
DA:39,0
DA:45,0
DA:54,0
DA:56,0
DA:58,0
DA:59,0
LF:17
LH:7
BRDA:20,0,0,3
BRDA:21,1,0,1
BRDA:21,1,1,1
BRDA:21,1,2,3
BRDA:35,2,0,0
BRDA:35,2,1,0
BRDA:35,3,0,0
BRDA:35,3,1,0
BRDA:35,3,2,0
BRDA:38,4,0,0
BRDA:38,4,1,0
BRDA:58,5,0,0
BRDA:58,5,1,0
BRF:13
BRH:4
end_of_record
TN:
SF:/Users/mayckcoelho/Projects/scorerank/src/ducks/protections.ts
FN:20,reducer
FN:25,(anonymous_1)
FN:33,load
FN:34,(anonymous_3)
FN:53,accept
FN:54,(anonymous_5)
FNF:6
FNH:2
FNDA:5,reducer
FNDA:2,(anonymous_1)
FNDA:0,load
FNDA:0,(anonymous_3)
FNDA:0,accept
FNDA:0,(anonymous_5)
DA:5,4
DA:16,4
DA:21,5
DA:23,1
DA:25,2
DA:26,1
DA:28,3
DA:34,0
DA:35,0
DA:36,0
DA:38,0
DA:39,0
DA:45,0
DA:54,0
DA:56,0
DA:58,0
DA:59,0
LF:17
LH:7
BRDA:20,0,0,3
BRDA:21,1,0,1
BRDA:21,1,1,1
BRDA:21,1,2,3
BRDA:35,2,0,0
BRDA:35,2,1,0
BRDA:35,3,0,0
BRDA:35,3,1,0
BRDA:38,4,0,0
BRDA:38,4,1,0
BRDA:58,5,0,0
BRDA:58,5,1,0
BRF:12
BRH:4
end_of_record
TN:
SF:/Users/mayckcoelho/Projects/scorerank/src/pages/Dashboard/index.tsx
FN:33,(anonymous_0)
FN:37,(anonymous_1)
FN:38,(anonymous_2)
FN:39,(anonymous_3)
FN:44,(anonymous_4)
FN:46,(anonymous_5)
FN:48,(anonymous_6)
FN:51,(anonymous_7)
FN:55,(anonymous_8)
FN:73,(anonymous_9)
FN:76,(anonymous_10)
FN:100,(anonymous_11)
FN:102,(anonymous_12)
FN:105,(anonymous_13)
FNF:14
FNH:0
FNDA:0,(anonymous_0)
FNDA:0,(anonymous_1)
FNDA:0,(anonymous_2)
FNDA:0,(anonymous_3)
FNDA:0,(anonymous_4)
FNDA:0,(anonymous_5)
FNDA:0,(anonymous_6)
FNDA:0,(anonymous_7)
FNDA:0,(anonymous_8)
FNDA:0,(anonymous_9)
FNDA:0,(anonymous_10)
FNDA:0,(anonymous_11)
FNDA:0,(anonymous_12)
FNDA:0,(anonymous_13)
DA:4,2
DA:33,2
DA:34,0
DA:35,0
DA:36,0
DA:37,0
DA:38,0
DA:39,0
DA:42,0
DA:43,0
DA:44,0
DA:45,0
DA:46,0
DA:48,0
DA:51,0
DA:52,0
DA:55,0
DA:56,0
DA:57,0
DA:58,0
DA:61,0
DA:74,0
DA:76,0
DA:100,0
DA:103,0
DA:106,0
LF:26
LH:2
BRDA:42,0,0,0
BRDA:42,0,1,0
BRDA:43,1,0,0
BRDA:43,1,1,0
BRDA:45,2,0,0
BRDA:45,2,1,0
BRDA:57,3,0,0
BRDA:57,3,1,0
BRDA:58,4,0,0
BRDA:58,4,1,0
BRDA:75,5,0,0
BRDA:75,5,1,0
BRDA:78,6,0,0
BRDA:78,6,1,0
BRDA:89,7,0,0
BRDA:89,7,1,0
BRDA:102,8,0,0
BRDA:102,8,1,0
BRDA:105,9,0,0
BRDA:105,9,1,0
BRF:20
BRH:0
end_of_record
TN:
SF:/Users/mayckcoelho/Projects/scorerank/src/pages/Dashboard/styles.ts
FNF:0
FNH:0
DA:6,2
DA:12,2
DA:17,2
DA:26,2
DA:31,2
DA:37,2
LF:6
LH:6
BRF:0
BRH:0
end_of_record
TN:
SF:/Users/mayckcoelho/Projects/scorerank/src/pages/Dashboard/ProposalCard/index.tsx
FN:13,(anonymous_0)
FN:21,(anonymous_1)
FN:33,(anonymous_2)
FN:37,(anonymous_3)
FNF:4
FNH:1
FNDA:1,(anonymous_0)
FNDA:0,(anonymous_1)
FNDA:0,(anonymous_2)
FNDA:0,(anonymous_3)
DA:13,3
DA:14,1
DA:15,1
DA:16,1
DA:18,1
DA:21,0
DA:33,0
DA:38,0
DA:39,0
DA:40,0
LF:10
LH:5
BRF:0
BRH:0
end_of_record
TN:
SF:/Users/mayckcoelho/Projects/scorerank/src/pages/Dashboard/ProtectionCard/index.tsx
FN:13,(anonymous_0)
FN:21,(anonymous_1)
FN:33,(anonymous_2)
FN:37,(anonymous_3)
FNF:4
FNH:1
FNDA:1,(anonymous_0)
FNDA:0,(anonymous_1)
FNDA:0,(anonymous_2)
FNDA:0,(anonymous_3)
DA:13,3
DA:14,1
DA:15,1
DA:16,1
DA:18,1
DA:21,0
DA:33,0
DA:38,0
DA:39,0
DA:40,0
LF:10
LH:5
BRF:0
BRH:0
end_of_record
TN:
SF:/Users/mayckcoelho/Projects/scorerank/src/pages/Dashboard/ScoreCard/index.tsx
FN:20,(anonymous_0)
FN:27,(anonymous_1)
FN:29,(anonymous_2)
FN:31,(anonymous_3)
FN:39,(anonymous_4)
FNF:5
FNH:1
FNDA:1,(anonymous_0)
FNDA:0,(anonymous_1)
FNDA:0,(anonymous_2)
FNDA:0,(anonymous_3)
FNDA:0,(anonymous_4)
DA:4,3
DA:20,3
DA:21,1
DA:22,1
DA:25,1
DA:26,0
DA:27,0
DA:28,0
DA:29,0
DA:31,0
DA:34,1
DA:39,0
LF:12
LH:6
BRDA:25,0,0,0
BRDA:25,0,1,1
BRDA:26,1,0,0
BRDA:26,1,1,0
BRDA:28,2,0,0
BRDA:28,2,1,0
BRDA:41,3,0,1
BRDA:41,3,1,0
BRF:8
BRH:2
end_of_record
TN:
SF:/Users/mayckcoelho/Projects/scorerank/src/pages/Dashboard/ScoreCard/styles.ts
FNF:0
FNH:0
DA:5,3
DA:13,3
DA:18,3
DA:25,3
DA:31,3
DA:39,3
DA:45,3
DA:50,3
LF:8
LH:8
BRF:0
BRH:0
end_of_record
TN:
SF:/Users/mayckcoelho/Projects/scorerank/src/pages/DebtList/index.tsx
FN:27,(anonymous_0)
FN:33,(anonymous_1)
FN:35,(anonymous_2)
FN:36,(anonymous_3)
FN:54,(anonymous_4)
FN:55,(anonymous_5)
FN:56,(anonymous_6)
FN:62,(anonymous_7)
FN:66,(anonymous_8)
FNF:9
FNH:0
FNDA:0,(anonymous_0)
FNDA:0,(anonymous_1)
FNDA:0,(anonymous_2)
FNDA:0,(anonymous_3)
FNDA:0,(anonymous_4)
FNDA:0,(anonymous_5)
FNDA:0,(anonymous_6)
FNDA:0,(anonymous_7)
FNDA:0,(anonymous_8)
DA:10,2
DA:27,2
DA:28,0
DA:29,0
DA:30,0
DA:32,0
DA:33,0
DA:35,0
DA:36,0
DA:48,0
DA:54,0
DA:55,0
DA:56,0
DA:62,0
DA:67,0
DA:68,0
DA:69,0
LF:17
LH:2
BRF:0
BRH:0
end_of_record
TN:
SF:/Users/mayckcoelho/Projects/scorerank/src/pages/DebtList/styles.ts
FNF:0
FNH:0
DA:4,2
DA:10,2
DA:16,2
DA:24,2
DA:29,2
DA:34,2
DA:41,2
DA:48,2
DA:53,2
DA:59,2
LF:10
LH:10
BRF:0
BRH:0
end_of_record
TN:
SF:/Users/mayckcoelho/Projects/scorerank/src/pages/Register/index.tsx
FN:22,(anonymous_0)
FN:32,(anonymous_1)
FNF:2
FNH:1
FNDA:1,(anonymous_0)
FNDA:0,(anonymous_1)
DA:22,2
DA:24,1
DA:32,0
LF:3
LH:2
BRDA:25,0,0,1
BRDA:25,0,1,0
BRF:2
BRH:1
end_of_record
TN:
SF:/Users/mayckcoelho/Projects/scorerank/src/pages/Register/styles.ts
FNF:0
FNH:0
DA:3,2
DA:10,2
DA:18,2
DA:26,2
DA:32,2
LF:5
LH:5
BRF:0
BRH:0
end_of_record
TN:
SF:/Users/mayckcoelho/Projects/scorerank/src/pages/Register/RegisterForm/index.tsx
FN:14,(anonymous_0)
FN:18,(anonymous_1)
FN:24,(anonymous_2)
FN:38,(anonymous_3)
FN:50,(anonymous_4)
FN:59,(anonymous_5)
FN:68,(anonymous_6)
FN:76,(anonymous_7)
FNF:8
FNH:1
FNDA:2,(anonymous_0)
FNDA:0,(anonymous_1)
FNDA:0,(anonymous_2)
FNDA:0,(anonymous_3)
FNDA:0,(anonymous_4)
FNDA:0,(anonymous_5)
FNDA:0,(anonymous_6)
FNDA:0,(anonymous_7)
DA:14,3
DA:15,2
DA:16,2
DA:18,2
DA:19,0
DA:20,0
DA:25,0
DA:29,0
DA:33,0
DA:36,0
DA:37,0
DA:38,0
DA:39,0
DA:41,0
DA:46,2
DA:51,0
DA:52,0
DA:60,0
DA:61,0
DA:69,0
DA:70,0
DA:76,0
LF:22
LH:5
BRDA:37,0,0,0
BRDA:37,0,1,0
BRF:2
BRH:0
end_of_record
TN:
SF:/Users/mayckcoelho/Projects/scorerank/src/pages/SignIn/index.tsx
FN:24,(anonymous_0)
FN:34,(anonymous_1)
FNF:2
FNH:1
FNDA:1,(anonymous_0)
FNDA:0,(anonymous_1)
DA:24,2
DA:26,1
DA:34,0
LF:3
LH:2
BRDA:27,0,0,1
BRDA:27,0,1,0
BRF:2
BRH:1
end_of_record
TN:
SF:/Users/mayckcoelho/Projects/scorerank/src/pages/SignIn/styles.ts
FNF:0
FNH:0
DA:3,2
DA:10,2
DA:18,2
DA:26,2
DA:32,2
LF:5
LH:5
BRF:0
BRH:0
end_of_record
TN:
SF:/Users/mayckcoelho/Projects/scorerank/src/pages/SignIn/SignInForm/index.tsx
FN:18,(anonymous_0)
FN:22,(anonymous_1)
FN:37,(anonymous_2)
FN:49,(anonymous_3)
FN:60,(anonymous_4)
FNF:5
FNH:1
FNDA:2,(anonymous_0)
FNDA:0,(anonymous_1)
FNDA:0,(anonymous_2)
FNDA:0,(anonymous_3)
FNDA:0,(anonymous_4)
DA:18,3
DA:19,2
DA:20,2
DA:22,2
DA:23,0
DA:24,0
DA:29,0
DA:33,0
DA:35,0
DA:36,0
DA:37,0
DA:38,0
DA:40,0
DA:45,2
DA:50,0
DA:51,0
DA:60,0
LF:17
LH:5
BRDA:36,0,0,0
BRDA:36,0,1,0
BRF:2
BRH:0
end_of_record
TN:
SF:/Users/mayckcoelho/Projects/scorerank/src/pages/SignIn/SignInForm/styles.ts
FNF:0
FNH:0
DA:3,3
DA:7,3
LF:2
LH:2
BRF:0
BRH:0
end_of_record
TN:
SF:/Users/mayckcoelho/Projects/scorerank/src/routes/app.routes.tsx
FN:13,(anonymous_0)
FN:20,(anonymous_1)
FNF:2
FNH:0
FNDA:0,(anonymous_0)
FNDA:0,(anonymous_1)
DA:4,1
DA:11,1
DA:13,1
DA:14,0
DA:16,0
DA:21,0
LF:6
LH:3
BRF:0
BRH:0
end_of_record
TN:
SF:/Users/mayckcoelho/Projects/scorerank/src/routes/auth.routes.tsx
FN:9,(anonymous_0)
FNF:1
FNH:0
FNDA:0,(anonymous_0)
DA:7,1
DA:9,1
DA:10,0
LF:3
LH:2
BRF:0
BRH:0
end_of_record
TN:
SF:/Users/mayckcoelho/Projects/scorerank/src/routes/index.tsx
FN:9,(anonymous_0)
FNF:1
FNH:0
FNDA:0,(anonymous_0)
DA:9,1
DA:10,0
DA:12,0
DA:13,0
DA:20,0
LF:5
LH:1
BRDA:12,0,0,0
BRDA:12,0,1,0
BRDA:20,1,0,0
BRDA:20,1,1,0
BRF:4
BRH:0
end_of_record
TN:
SF:/Users/mayckcoelho/Projects/scorerank/src/services/api.ts
FNF:0
FNH:0
DA:3,14
LF:1
LH:1
BRF:0
BRH:0
end_of_record
TN:
SF:/Users/mayckcoelho/Projects/scorerank/src/services/auth.ts
FN:6,signIn
FN:10,register
FNF:2
FNH:0
FNDA:0,signIn
FNDA:0,register
DA:7,0
DA:11,0
LF:2
LH:0
BRF:0
BRH:0
end_of_record
